12-Jan-2020 17:05:38.783 INFO [main] org.apache.catalina.startup.VersionLoggerListener.log Server version name:   Apache Tomcat/9.0.24
12-Jan-2020 17:05:39.008 INFO [main] org.apache.catalina.startup.VersionLoggerListener.log Server built:          Aug 14 2019 21:16:42 UTC
12-Jan-2020 17:05:39.009 INFO [main] org.apache.catalina.startup.VersionLoggerListener.log Server version number: 9.0.24.0
12-Jan-2020 17:05:39.010 INFO [main] org.apache.catalina.startup.VersionLoggerListener.log OS Name:               Windows 8.1
12-Jan-2020 17:05:39.011 INFO [main] org.apache.catalina.startup.VersionLoggerListener.log OS Version:            6.3
12-Jan-2020 17:05:39.013 INFO [main] org.apache.catalina.startup.VersionLoggerListener.log Architecture:          amd64
12-Jan-2020 17:05:39.013 INFO [main] org.apache.catalina.startup.VersionLoggerListener.log Java Home:             C:\Program Files\Java\jre1.8.0_231
12-Jan-2020 17:05:39.014 INFO [main] org.apache.catalina.startup.VersionLoggerListener.log JVM Version:           1.8.0_231-b11
12-Jan-2020 17:05:39.015 INFO [main] org.apache.catalina.startup.VersionLoggerListener.log JVM Vendor:            Oracle Corporation
12-Jan-2020 17:05:39.015 INFO [main] org.apache.catalina.startup.VersionLoggerListener.log CATALINA_BASE:         C:\Users\Vortex\Desktop\tomcat\server\apache-tomcat-9.0.24
12-Jan-2020 17:05:39.016 INFO [main] org.apache.catalina.startup.VersionLoggerListener.log CATALINA_HOME:         C:\Users\Vortex\Desktop\tomcat\server\apache-tomcat-9.0.24
12-Jan-2020 17:05:39.361 INFO [main] org.apache.catalina.startup.VersionLoggerListener.log Command line argument: -Djava.util.logging.config.file=C:\Users\Vortex\Desktop\tomcat\server\apache-tomcat-9.0.24\conf\logging.properties
12-Jan-2020 17:05:39.361 INFO [main] org.apache.catalina.startup.VersionLoggerListener.log Command line argument: -Djava.util.logging.manager=org.apache.juli.ClassLoaderLogManager
12-Jan-2020 17:05:39.361 INFO [main] org.apache.catalina.startup.VersionLoggerListener.log Command line argument: -Djdk.tls.ephemeralDHKeySize=2048
12-Jan-2020 17:05:39.361 INFO [main] org.apache.catalina.startup.VersionLoggerListener.log Command line argument: -Djava.protocol.handler.pkgs=org.apache.catalina.webresources
12-Jan-2020 17:05:39.361 INFO [main] org.apache.catalina.startup.VersionLoggerListener.log Command line argument: -Xmx512m
12-Jan-2020 17:05:39.366 INFO [main] org.apache.catalina.startup.VersionLoggerListener.log Command line argument: -XX:MaxPermSize=256m
12-Jan-2020 17:05:39.366 INFO [main] org.apache.catalina.startup.VersionLoggerListener.log Command line argument: -XX:PermSize=256m
12-Jan-2020 17:05:39.366 INFO [main] org.apache.catalina.startup.VersionLoggerListener.log Command line argument: -Dignore.endorsed.dirs=
12-Jan-2020 17:05:39.366 INFO [main] org.apache.catalina.startup.VersionLoggerListener.log Command line argument: -Dcatalina.base=C:\Users\Vortex\Desktop\tomcat\server\apache-tomcat-9.0.24
12-Jan-2020 17:05:39.366 INFO [main] org.apache.catalina.startup.VersionLoggerListener.log Command line argument: -Dcatalina.home=C:\Users\Vortex\Desktop\tomcat\server\apache-tomcat-9.0.24
12-Jan-2020 17:05:39.366 INFO [main] org.apache.catalina.startup.VersionLoggerListener.log Command line argument: -Djava.io.tmpdir=C:\Users\Vortex\Desktop\tomcat\server\apache-tomcat-9.0.24\temp
12-Jan-2020 17:05:39.366 INFO [main] org.apache.catalina.core.AprLifecycleListener.lifecycleEvent The APR based Apache Tomcat Native library which allows optimal performance in production environments was not found on the java.library.path: [C:\Program Files\Java\jre1.8.0_231\bin;C:\WINDOWS\Sun\Java\bin;C:\WINDOWS\system32;C:\WINDOWS;C:\Program Files (x86)\Common Files\Oracle\Java\javapath;C:\Program Files\Java\jre1.8.0_77\bin;C:\Program Files (x86)\NVIDIA Corporation\PhysX\Common;C:\Program Files (x86)\AMD APP\bin\x86_64;C:\Program Files (x86)\AMD APP\bin\x86;C:\WINDOWS\system32;C:\WINDOWS;C:\WINDOWS\System32\Wbem;C:\WINDOWS\System32\WindowsPowerShell\v1.0\;C:\Program Files (x86)\Windows Live\Shared;C:\Program Files (x86)\ATI Technologies\ATI.ACE\Core-Static;C:\Program Files\Microsoft SQL Server\120\Tools\Binn\;C:\Program Files\Microsoft SQL Server\Client SDK\ODBC\110\Tools\Binn\;C:\Program Files (x86)\Microsoft SQL Server\120\Tools\Binn\;C:\Program Files\Microsoft SQL Server\120\DTS\Binn\;C:\Program Files (x86)\Microsoft SQL Server\120\Tools\Binn\ManagementStudio\;C:\Program Files (x86)\Microsoft SQL Server\120\DTS\Binn\;C:\Program Files (x86)\AMD\ATI.ACE\Core-Static;C:\Program Files\Microsoft SQL Server\110\Tools\Binn\;C:\Program Files (x86)\Windows Kits\8.1\Windows Performance Toolkit\;C:\WINDOWS\system32\config\systemprofile\.dnx\bin;C:\Program Files\Microsoft DNX\Dnvm\;C:\Program Files\Microsoft SQL Server\130\Tools\Binn\;C:\Program Files (x86)\sbt\bin;C:\Program Files\Java\jdk1.8.0_161\bin;C:\Program Files\nodejs\;C:\Program Files\Git\cmd;C:\Program Files\Git\mingw64\bin;C:\Program Files\Git\usr\bin;C:\Program Files\MATLAB\R2018a\runtime\win64;C:\Program Files\MATLAB\R2018a\bin;C:\MinGW\bin;C:\Program Files\apache-maven-3.6.2\bin;C:\Users\Vortex\.dnx\bin;C:\Users\Vortex\AppData\Local\Programs\Python\Python35-32\Scripts\;C:\Users\Vortex\AppData\Local\Programs\Python\Python35-32\;C:\Program Files\Docker Toolbox;C:\Program Files\Git\bin;C:\Program Files\Git\cmd;C:\Users\Vortex\Anaconda3;C:\Users\Vortex\Anaconda3\Scripts\;C:\Users\Vortex\AppData\Roaming\npm;C:\Program Files\apache-maven-3.6.2\bin;.]
12-Jan-2020 17:05:46.750 INFO [main] org.apache.coyote.AbstractProtocol.init Initializing ProtocolHandler ["http-nio-8080"]
12-Jan-2020 17:05:49.798 INFO [main] org.apache.coyote.AbstractProtocol.init Initializing ProtocolHandler ["ajp-nio-8009"]
12-Jan-2020 17:05:49.858 INFO [main] org.apache.catalina.startup.Catalina.load Server initialization in [17,636] milliseconds
12-Jan-2020 17:05:56.230 INFO [main] org.camunda.commons.logging.BaseLogger.logInfo ENGINE-08046 Found camunda bpm platform configuration in CATALINA_BASE/CATALINA_HOME conf directory [C:\Users\Vortex\Desktop\tomcat\server\apache-tomcat-9.0.24\conf\bpm-platform.xml] at 'file:/C:/Users/Vortex/Desktop/tomcat/server/apache-tomcat-9.0.24/conf/bpm-platform.xml'
12-Jan-2020 17:06:14.715 INFO [main] org.camunda.commons.logging.BaseLogger.logInfo ENGINE-12003 Plugin 'ProcessApplicationEventListenerPlugin' activated on process engine 'default'
12-Jan-2020 17:06:14.915 INFO [main] org.camunda.commons.logging.BaseLogger.logInfo ENGINE-12003 Plugin 'SpinProcessEnginePlugin' activated on process engine 'default'
12-Jan-2020 17:06:15.010 INFO [main] org.camunda.commons.logging.BaseLogger.logInfo SPIN-01010 Discovered Spin data format provider: org.camunda.spin.impl.json.jackson.format.JacksonJsonDataFormatProvider[name = application/json]
12-Jan-2020 17:06:20.399 INFO [main] org.camunda.commons.logging.BaseLogger.logInfo SPIN-01010 Discovered Spin data format provider: org.camunda.spin.impl.xml.dom.format.DomXmlDataFormatProvider[name = application/xml]
12-Jan-2020 17:06:22.474 INFO [main] org.camunda.commons.logging.BaseLogger.logInfo SPIN-01009 Discovered Spin data format: org.camunda.spin.impl.xml.dom.format.DomXmlDataFormat[name = application/xml]
12-Jan-2020 17:06:22.474 INFO [main] org.camunda.commons.logging.BaseLogger.logInfo SPIN-01009 Discovered Spin data format: org.camunda.spin.impl.json.jackson.format.JacksonJsonDataFormat[name = application/json]
12-Jan-2020 17:06:22.479 INFO [main] org.camunda.commons.logging.BaseLogger.logInfo ENGINE-12003 Plugin 'ConnectProcessEnginePlugin' activated on process engine 'default'
12-Jan-2020 17:06:35.142 INFO [main] org.camunda.commons.logging.BaseLogger.logInfo CNCT-01004 Discovered provider for connector id 'http-connector' and class 'org.camunda.connect.httpclient.impl.HttpConnectorImpl': 'org.camunda.connect.httpclient.impl.HttpConnectorProviderImpl'
12-Jan-2020 17:06:35.197 INFO [main] org.camunda.commons.logging.BaseLogger.logInfo CNCT-01004 Discovered provider for connector id 'soap-http-connector' and class 'org.camunda.connect.httpclient.soap.impl.SoapHttpConnectorImpl': 'org.camunda.connect.httpclient.soap.impl.SoapHttpConnectorProviderImpl'
12-Jan-2020 17:07:00.882 INFO [main] org.camunda.commons.logging.BaseLogger.logInfo ENGINE-00001 Process Engine default created.
12-Jan-2020 17:07:00.887 INFO [main] org.camunda.commons.logging.BaseLogger.logInfo ENGINE-14014 Starting up the JobExecutor[org.camunda.bpm.engine.impl.jobexecutor.RuntimeContainerJobExecutor].
12-Jan-2020 17:07:00.892 INFO [Thread-6] org.camunda.commons.logging.BaseLogger.logInfo ENGINE-14018 JobExecutor[org.camunda.bpm.engine.impl.jobexecutor.RuntimeContainerJobExecutor] starting to acquire jobs
12-Jan-2020 17:07:35.099 INFO [main] org.camunda.commons.logging.BaseLogger.logInfo ENGINE-08048 Camunda BPM platform sucessfully started at 'Apache Tomcat/9.0.24'.
12-Jan-2020 17:07:35.689 INFO [main] org.apache.catalina.core.StandardService.startInternal Starting service [Catalina]
12-Jan-2020 17:07:35.689 INFO [main] org.apache.catalina.core.StandardEngine.startInternal Starting Servlet engine: [Apache Tomcat/9.0.24]
12-Jan-2020 17:07:37.139 INFO [main] org.apache.catalina.startup.HostConfig.deployWAR Deploying web application archive [C:\Users\Vortex\Desktop\tomcat\server\apache-tomcat-9.0.24\webapps\BatchActivity.war]
12-Jan-2020 17:08:18.291 INFO [main] org.camunda.commons.logging.BaseLogger.logInfo ENGINE-07015 Detected @ProcessApplication class 'com.camunda.batch.BatchActivity.CamundaBpmProcessApplication'
12-Jan-2020 17:08:19.546 INFO [main] org.apache.jasper.servlet.TldScanner.scanJars At least one JAR was scanned for TLDs yet contained no TLDs. Enable debug logging for this logger for a complete list of JARs that were scanned but no TLDs were found in them. Skipping unneeded JARs during scanning can improve startup time and JSP compilation time.
12-Jan-2020 17:08:19.946 INFO [main] org.camunda.commons.logging.BaseLogger.logInfo ENGINE-08024 Found processes.xml file at file:/C:/Users/Vortex/Desktop/tomcat/server/apache-tomcat-9.0.24/webapps/BatchActivity/WEB-INF/classes/META-INF/processes.xml
12-Jan-2020 17:08:20.751 INFO [main] org.camunda.commons.logging.BaseLogger.logInfo ENGINE-08023 Deployment summary for process archive 'BatchActivity': 

        process.bpmn

12-Jan-2020 17:08:21.521 INFO [main] org.camunda.commons.logging.BaseLogger.logInfo ENGINE-07021 ProcessApplication 'BatchActivity' registered for DB deployments [629a1595-28dd-11ea-9d5a-d4c9ef713636]. Will execute process definitions 

        stock-evaluation[version: 1, id: stock-evaluation:1:62a31647-28dd-11ea-9d5a-d4c9ef713636]
Deployment does not provide any case definitions.
12-Jan-2020 17:08:21.531 INFO [main] org.camunda.commons.logging.BaseLogger.logInfo SPIN-01010 Discovered Spin data format provider: org.camunda.spin.impl.json.jackson.format.JacksonJsonDataFormatProvider[name = application/json]
12-Jan-2020 17:08:21.536 INFO [main] org.camunda.commons.logging.BaseLogger.logInfo SPIN-01010 Discovered Spin data format provider: org.camunda.spin.impl.xml.dom.format.DomXmlDataFormatProvider[name = application/xml]
12-Jan-2020 17:08:21.541 INFO [main] org.camunda.commons.logging.BaseLogger.logInfo SPIN-01009 Discovered Spin data format: org.camunda.spin.impl.xml.dom.format.DomXmlDataFormat[name = application/xml]
12-Jan-2020 17:08:21.541 INFO [main] org.camunda.commons.logging.BaseLogger.logInfo SPIN-01009 Discovered Spin data format: org.camunda.spin.impl.json.jackson.format.JacksonJsonDataFormat[name = application/json]
12-Jan-2020 17:08:21.546 INFO [main] org.camunda.commons.logging.BaseLogger.logInfo ENGINE-08050 Process application BatchActivity successfully deployed
12-Jan-2020 17:08:22.816 INFO [main] org.apache.catalina.startup.HostConfig.deployWAR Deployment of web application archive [C:\Users\Vortex\Desktop\tomcat\server\apache-tomcat-9.0.24\webapps\BatchActivity.war] has finished in [45,677] ms
12-Jan-2020 17:08:23.436 INFO [main] org.apache.catalina.startup.HostConfig.deployWAR Deploying web application archive [C:\Users\Vortex\Desktop\tomcat\server\apache-tomcat-9.0.24\webapps\UserTaskBatch.war]
12-Jan-2020 17:08:33.330 INFO [main] org.camunda.commons.logging.BaseLogger.logInfo ENGINE-07015 Detected @ProcessApplication class 'com.camunda.batch.UserTaskBatch.CamundaBpmProcessApplication'
12-Jan-2020 17:08:33.448 INFO [main] org.apache.jasper.servlet.TldScanner.scanJars At least one JAR was scanned for TLDs yet contained no TLDs. Enable debug logging for this logger for a complete list of JARs that were scanned but no TLDs were found in them. Skipping unneeded JARs during scanning can improve startup time and JSP compilation time.
12-Jan-2020 17:08:33.456 INFO [main] org.camunda.commons.logging.BaseLogger.logInfo ENGINE-08024 Found processes.xml file at file:/C:/Users/Vortex/Desktop/tomcat/server/apache-tomcat-9.0.24/webapps/UserTaskBatch/WEB-INF/classes/META-INF/processes.xml
12-Jan-2020 17:08:33.502 INFO [main] org.camunda.commons.logging.BaseLogger.logInfo ENGINE-08023 Deployment summary for process archive 'UserTaskBatch': 

        process.bpmn

12-Jan-2020 17:08:33.509 INFO [main] org.camunda.commons.logging.BaseLogger.logInfo ENGINE-07021 ProcessApplication 'UserTaskBatch' registered for DB deployments [72581548-28dd-11ea-9d5a-d4c9ef713636]. Will execute process definitions 

        UserTaskBatch[version: 1, id: UserTaskBatch:1:725b97ba-28dd-11ea-9d5a-d4c9ef713636]
Deployment does not provide any case definitions.
12-Jan-2020 17:08:33.518 INFO [main] org.camunda.commons.logging.BaseLogger.logInfo SPIN-01010 Discovered Spin data format provider: org.camunda.spin.impl.json.jackson.format.JacksonJsonDataFormatProvider[name = application/json]
12-Jan-2020 17:08:33.523 INFO [main] org.camunda.commons.logging.BaseLogger.logInfo SPIN-01010 Discovered Spin data format provider: org.camunda.spin.impl.xml.dom.format.DomXmlDataFormatProvider[name = application/xml]
12-Jan-2020 17:08:33.531 INFO [main] org.camunda.commons.logging.BaseLogger.logInfo SPIN-01009 Discovered Spin data format: org.camunda.spin.impl.xml.dom.format.DomXmlDataFormat[name = application/xml]
12-Jan-2020 17:08:33.531 INFO [main] org.camunda.commons.logging.BaseLogger.logInfo SPIN-01009 Discovered Spin data format: org.camunda.spin.impl.json.jackson.format.JacksonJsonDataFormat[name = application/json]
12-Jan-2020 17:08:33.535 INFO [main] org.camunda.commons.logging.BaseLogger.logInfo ENGINE-08050 Process application UserTaskBatch successfully deployed
12-Jan-2020 17:08:33.556 INFO [main] org.apache.catalina.startup.HostConfig.deployWAR Deployment of web application archive [C:\Users\Vortex\Desktop\tomcat\server\apache-tomcat-9.0.24\webapps\UserTaskBatch.war] has finished in [10,120] ms
12-Jan-2020 17:08:33.558 INFO [main] org.apache.catalina.startup.HostConfig.deployDirectory Deploying web application directory [C:\Users\Vortex\Desktop\tomcat\server\apache-tomcat-9.0.24\webapps\camunda]
12-Jan-2020 17:08:48.288 INFO [main] org.apache.jasper.servlet.TldScanner.scanJars At least one JAR was scanned for TLDs yet contained no TLDs. Enable debug logging for this logger for a complete list of JARs that were scanned but no TLDs were found in them. Skipping unneeded JARs during scanning can improve startup time and JSP compilation time.
12-Jan-2020 17:08:49.398 INFO [main] org.apache.catalina.startup.HostConfig.deployDirectory Deployment of web application directory [C:\Users\Vortex\Desktop\tomcat\server\apache-tomcat-9.0.24\webapps\camunda] has finished in [15,840] ms
12-Jan-2020 17:08:49.398 INFO [main] org.apache.catalina.startup.HostConfig.deployDirectory Deploying web application directory [C:\Users\Vortex\Desktop\tomcat\server\apache-tomcat-9.0.24\webapps\camunda-invoice]
12-Jan-2020 17:08:56.203 INFO [main] org.camunda.commons.logging.BaseLogger.logInfo ENGINE-07015 Detected @ProcessApplication class 'org.camunda.bpm.example.invoice.InvoiceProcessApplication'
12-Jan-2020 17:08:56.278 INFO [main] org.apache.jasper.servlet.TldScanner.scanJars At least one JAR was scanned for TLDs yet contained no TLDs. Enable debug logging for this logger for a complete list of JARs that were scanned but no TLDs were found in them. Skipping unneeded JARs during scanning can improve startup time and JSP compilation time.
12-Jan-2020 17:08:56.283 INFO [main] org.camunda.commons.logging.BaseLogger.logInfo ENGINE-08024 Found processes.xml file at file:/C:/Users/Vortex/Desktop/tomcat/server/apache-tomcat-9.0.24/webapps/camunda-invoice/WEB-INF/classes/META-INF/processes.xml
12-Jan-2020 17:08:56.403 INFO [main] org.camunda.commons.logging.BaseLogger.logInfo ENGINE-08023 Deployment summary for process archive 'camunda-invoice': 

        invoiceBusinessDecisions.dmn
        invoice.v2.bpmn
        review-invoice.cmmn

12-Jan-2020 17:08:57.615 INFO [main] org.camunda.commons.logging.BaseLogger.logInfo ENGINE-07021 ProcessApplication 'camunda-invoice' registered for DB deployments [a709e138-28dc-11ea-9d5a-d4c9ef713636, a644955e-28dc-11ea-9d5a-d4c9ef713636]. Will execute process definitions 

        invoice[version: 2, id: invoice:2:a7137e2c-28dc-11ea-9d5a-d4c9ef713636]
        invoice[version: 1, id: invoice:1:a66563d2-28dc-11ea-9d5a-d4c9ef713636]

Will execute case definitions 

        ReviewInvoiceCase[version: 2, id: ReviewInvoiceCase:2:a71fb32e-28dc-11ea-9d5a-d4c9ef713636]
        ReviewInvoiceCase[version: 1, id: ReviewInvoiceCase:1:a6c907a4-28dc-11ea-9d5a-d4c9ef713636]

12-Jan-2020 17:08:57.634 INFO [main] org.camunda.commons.logging.BaseLogger.logInfo SPIN-01010 Discovered Spin data format provider: org.camunda.spin.impl.json.jackson.format.JacksonJsonDataFormatProvider[name = application/json]
12-Jan-2020 17:08:57.640 INFO [main] org.camunda.commons.logging.BaseLogger.logInfo SPIN-01010 Discovered Spin data format provider: org.camunda.spin.impl.xml.dom.format.DomXmlDataFormatProvider[name = application/xml]
12-Jan-2020 17:08:57.646 INFO [main] org.camunda.commons.logging.BaseLogger.logInfo SPIN-01009 Discovered Spin data format: org.camunda.spin.impl.xml.dom.format.DomXmlDataFormat[name = application/xml]
12-Jan-2020 17:08:57.647 INFO [main] org.camunda.commons.logging.BaseLogger.logInfo SPIN-01009 Discovered Spin data format: org.camunda.spin.impl.json.jackson.format.JacksonJsonDataFormat[name = application/json]
12-Jan-2020 17:08:57.802 INFO [main] org.camunda.bpm.example.invoice.InvoiceProcessApplication.startProcessInstances No new instances of Invoice Receipt version 1 started, there are 3 instances running
12-Jan-2020 17:08:57.817 INFO [main] org.camunda.bpm.example.invoice.InvoiceProcessApplication.startProcessInstances No new instances of Invoice Receipt version 2 started, there are 3 instances running
12-Jan-2020 17:08:57.817 INFO [main] org.camunda.commons.logging.BaseLogger.logInfo ENGINE-08050 Process application camunda-invoice successfully deployed
12-Jan-2020 17:08:57.827 INFO [main] org.apache.catalina.startup.HostConfig.deployDirectory Deployment of web application directory [C:\Users\Vortex\Desktop\tomcat\server\apache-tomcat-9.0.24\webapps\camunda-invoice] has finished in [8,429] ms
12-Jan-2020 17:08:57.847 INFO [main] org.apache.catalina.startup.HostConfig.deployDirectory Deploying web application directory [C:\Users\Vortex\Desktop\tomcat\server\apache-tomcat-9.0.24\webapps\camunda-welcome]
12-Jan-2020 17:09:05.441 INFO [main] org.apache.jasper.servlet.TldScanner.scanJars At least one JAR was scanned for TLDs yet contained no TLDs. Enable debug logging for this logger for a complete list of JARs that were scanned but no TLDs were found in them. Skipping unneeded JARs during scanning can improve startup time and JSP compilation time.
12-Jan-2020 17:09:05.448 INFO [main] org.apache.catalina.startup.HostConfig.deployDirectory Deployment of web application directory [C:\Users\Vortex\Desktop\tomcat\server\apache-tomcat-9.0.24\webapps\camunda-welcome] has finished in [7,600] ms
12-Jan-2020 17:09:05.449 INFO [main] org.apache.catalina.startup.HostConfig.deployDirectory Deploying web application directory [C:\Users\Vortex\Desktop\tomcat\server\apache-tomcat-9.0.24\webapps\docs]
12-Jan-2020 17:09:11.919 INFO [main] org.apache.jasper.servlet.TldScanner.scanJars At least one JAR was scanned for TLDs yet contained no TLDs. Enable debug logging for this logger for a complete list of JARs that were scanned but no TLDs were found in them. Skipping unneeded JARs during scanning can improve startup time and JSP compilation time.
12-Jan-2020 17:09:11.926 INFO [main] org.apache.catalina.startup.HostConfig.deployDirectory Deployment of web application directory [C:\Users\Vortex\Desktop\tomcat\server\apache-tomcat-9.0.24\webapps\docs] has finished in [6,477] ms
12-Jan-2020 17:09:11.928 INFO [main] org.apache.catalina.startup.HostConfig.deployDirectory Deploying web application directory [C:\Users\Vortex\Desktop\tomcat\server\apache-tomcat-9.0.24\webapps\engine-rest]
12-Jan-2020 17:09:20.292 INFO [main] org.apache.jasper.servlet.TldScanner.scanJars At least one JAR was scanned for TLDs yet contained no TLDs. Enable debug logging for this logger for a complete list of JARs that were scanned but no TLDs were found in them. Skipping unneeded JARs during scanning can improve startup time and JSP compilation time.
12-Jan-2020 17:09:20.877 INFO [main] org.apache.catalina.startup.HostConfig.deployDirectory Deployment of web application directory [C:\Users\Vortex\Desktop\tomcat\server\apache-tomcat-9.0.24\webapps\engine-rest] has finished in [8,950] ms
12-Jan-2020 17:09:20.879 INFO [main] org.apache.catalina.startup.HostConfig.deployDirectory Deploying web application directory [C:\Users\Vortex\Desktop\tomcat\server\apache-tomcat-9.0.24\webapps\examples]
12-Jan-2020 17:09:31.884 INFO [main] org.apache.jasper.servlet.TldScanner.scanJars At least one JAR was scanned for TLDs yet contained no TLDs. Enable debug logging for this logger for a complete list of JARs that were scanned but no TLDs were found in them. Skipping unneeded JARs during scanning can improve startup time and JSP compilation time.
12-Jan-2020 17:09:31.998 INFO [main] org.apache.catalina.startup.HostConfig.deployDirectory Deployment of web application directory [C:\Users\Vortex\Desktop\tomcat\server\apache-tomcat-9.0.24\webapps\examples] has finished in [11,119] ms
12-Jan-2020 17:09:32.097 INFO [main] org.apache.catalina.startup.HostConfig.deployDirectory Deploying web application directory [C:\Users\Vortex\Desktop\tomcat\server\apache-tomcat-9.0.24\webapps\h2]
12-Jan-2020 17:09:39.451 INFO [main] org.apache.jasper.servlet.TldScanner.scanJars At least one JAR was scanned for TLDs yet contained no TLDs. Enable debug logging for this logger for a complete list of JARs that were scanned but no TLDs were found in them. Skipping unneeded JARs during scanning can improve startup time and JSP compilation time.
12-Jan-2020 17:09:39.479 INFO [main] org.apache.catalina.startup.HostConfig.deployDirectory Deployment of web application directory [C:\Users\Vortex\Desktop\tomcat\server\apache-tomcat-9.0.24\webapps\h2] has finished in [7,382] ms
12-Jan-2020 17:09:39.579 INFO [main] org.apache.catalina.startup.HostConfig.deployDirectory Deploying web application directory [C:\Users\Vortex\Desktop\tomcat\server\apache-tomcat-9.0.24\webapps\host-manager]
12-Jan-2020 17:09:46.446 INFO [main] org.apache.jasper.servlet.TldScanner.scanJars At least one JAR was scanned for TLDs yet contained no TLDs. Enable debug logging for this logger for a complete list of JARs that were scanned but no TLDs were found in them. Skipping unneeded JARs during scanning can improve startup time and JSP compilation time.
12-Jan-2020 17:09:46.454 INFO [main] org.apache.catalina.startup.HostConfig.deployDirectory Deployment of web application directory [C:\Users\Vortex\Desktop\tomcat\server\apache-tomcat-9.0.24\webapps\host-manager] has finished in [6,874] ms
12-Jan-2020 17:09:46.455 INFO [main] org.apache.catalina.startup.HostConfig.deployDirectory Deploying web application directory [C:\Users\Vortex\Desktop\tomcat\server\apache-tomcat-9.0.24\webapps\manager]
12-Jan-2020 17:09:52.680 INFO [main] org.apache.jasper.servlet.TldScanner.scanJars At least one JAR was scanned for TLDs yet contained no TLDs. Enable debug logging for this logger for a complete list of JARs that were scanned but no TLDs were found in them. Skipping unneeded JARs during scanning can improve startup time and JSP compilation time.
12-Jan-2020 17:09:52.685 INFO [main] org.apache.catalina.startup.HostConfig.deployDirectory Deployment of web application directory [C:\Users\Vortex\Desktop\tomcat\server\apache-tomcat-9.0.24\webapps\manager] has finished in [6,230] ms
12-Jan-2020 17:09:52.688 INFO [main] org.apache.catalina.startup.HostConfig.deployDirectory Deploying web application directory [C:\Users\Vortex\Desktop\tomcat\server\apache-tomcat-9.0.24\webapps\ROOT]
12-Jan-2020 17:09:58.714 INFO [main] org.apache.jasper.servlet.TldScanner.scanJars At least one JAR was scanned for TLDs yet contained no TLDs. Enable debug logging for this logger for a complete list of JARs that were scanned but no TLDs were found in them. Skipping unneeded JARs during scanning can improve startup time and JSP compilation time.
12-Jan-2020 17:09:58.719 INFO [main] org.apache.catalina.startup.HostConfig.deployDirectory Deployment of web application directory [C:\Users\Vortex\Desktop\tomcat\server\apache-tomcat-9.0.24\webapps\ROOT] has finished in [6,031] ms
12-Jan-2020 17:09:58.726 INFO [main] org.apache.coyote.AbstractProtocol.start Starting ProtocolHandler ["http-nio-8080"]
12-Jan-2020 17:09:58.754 INFO [main] org.apache.coyote.AbstractProtocol.start Starting ProtocolHandler ["ajp-nio-8009"]
12-Jan-2020 17:09:58.764 INFO [main] org.apache.catalina.startup.Catalina.start Server startup in [248,901] milliseconds
12-Jan-2020 17:09:59.021 INFO [http-nio-8080-exec-3] org.jboss.resteasy.spi.ResteasyDeployment.processApplication RESTEASY002225: Deploying javax.ws.rs.core.Application: class org.camunda.bpm.engine.rest.impl.application.DefaultApplication
12-Jan-2020 17:09:59.106 INFO [http-nio-8080-exec-3] org.jboss.resteasy.spi.ResteasyDeployment.processApplication RESTEASY002205: Adding provider class org.camunda.bpm.engine.rest.mapper.JacksonConfigurator from Application class org.camunda.bpm.engine.rest.impl.application.DefaultApplication
12-Jan-2020 17:09:59.114 INFO [http-nio-8080-exec-3] org.jboss.resteasy.spi.ResteasyDeployment.processApplication RESTEASY002205: Adding provider class org.camunda.bpm.engine.rest.exception.JsonParseExceptionHandler from Application class org.camunda.bpm.engine.rest.impl.application.DefaultApplication
12-Jan-2020 17:09:59.116 INFO [http-nio-8080-exec-3] org.jboss.resteasy.spi.ResteasyDeployment.processApplication RESTEASY002205: Adding provider class org.camunda.bpm.engine.rest.exception.ProcessEngineExceptionHandler from Application class org.camunda.bpm.engine.rest.impl.application.DefaultApplication
12-Jan-2020 17:09:59.122 INFO [http-nio-8080-exec-3] org.jboss.resteasy.spi.ResteasyDeployment.processApplication RESTEASY002200: Adding class resource org.camunda.bpm.engine.rest.impl.JaxRsTwoNamedProcessEngineRestServiceImpl from Application class org.camunda.bpm.engine.rest.impl.application.DefaultApplication
12-Jan-2020 17:09:59.124 INFO [http-nio-8080-exec-3] org.jboss.resteasy.spi.ResteasyDeployment.processApplication RESTEASY002205: Adding provider class org.camunda.bpm.engine.rest.exception.RestExceptionHandler from Application class org.camunda.bpm.engine.rest.impl.application.DefaultApplication
12-Jan-2020 17:09:59.126 INFO [http-nio-8080-exec-3] org.jboss.resteasy.spi.ResteasyDeployment.processApplication RESTEASY002205: Adding provider class com.fasterxml.jackson.jaxrs.json.JacksonJsonProvider from Application class org.camunda.bpm.engine.rest.impl.application.DefaultApplication
12-Jan-2020 17:09:59.132 INFO [http-nio-8080-exec-3] org.jboss.resteasy.spi.ResteasyDeployment.processApplication RESTEASY002205: Adding provider class org.camunda.bpm.engine.rest.hal.JacksonHalJsonProvider from Application class org.camunda.bpm.engine.rest.impl.application.DefaultApplication
12-Jan-2020 17:09:59.134 INFO [http-nio-8080-exec-3] org.jboss.resteasy.spi.ResteasyDeployment.processApplication RESTEASY002205: Adding provider class org.camunda.bpm.engine.rest.exception.JsonMappingExceptionHandler from Application class org.camunda.bpm.engine.rest.impl.application.DefaultApplication
12-Jan-2020 17:09:59.136 INFO [http-nio-8080-exec-3] org.jboss.resteasy.spi.ResteasyDeployment.processApplication RESTEASY002200: Adding class resource org.camunda.bpm.engine.rest.impl.JaxRsTwoDefaultProcessEngineRestServiceImpl from Application class org.camunda.bpm.engine.rest.impl.application.DefaultApplication
12-Jan-2020 17:09:59.154 INFO [http-nio-8080-exec-3] org.jboss.resteasy.spi.ResteasyDeployment.processApplication RESTEASY002205: Adding provider class org.camunda.bpm.engine.rest.exception.ExceptionHandler from Application class org.camunda.bpm.engine.rest.impl.application.DefaultApplication
12-Jan-2020 17:09:59.159 INFO [http-nio-8080-exec-3] org.jboss.resteasy.spi.ResteasyDeployment.processApplication RESTEASY002205: Adding provider class org.camunda.bpm.engine.rest.mapper.MultipartPayloadProvider from Application class org.camunda.bpm.engine.rest.impl.application.DefaultApplication
12-Jan-2020 17:10:33.462 INFO [http-nio-8080-exec-5] org.jboss.resteasy.logging.impl.Slf4jLogger.info Deploying javax.ws.rs.core.Application: class org.camunda.bpm.tasklist.impl.web.TasklistApplication
12-Jan-2020 17:10:36.249 INFO [http-nio-8080-exec-8] org.jboss.resteasy.logging.impl.Slf4jLogger.info Deploying javax.ws.rs.core.Application: class org.camunda.bpm.webapp.impl.engine.EngineRestApplication
12-Jan-2020 17:10:36.317 INFO [http-nio-8080-exec-5] org.jboss.resteasy.logging.impl.Slf4jLogger.info Deploying javax.ws.rs.core.Application: class org.camunda.bpm.admin.impl.web.AdminApplication
12-Jan-2020 17:21:16.304 INFO [http-nio-8080-exec-1] com.camunda.batch.UserTaskBatch.WebServiceDelegate.execute LOGGER for WebService
12-Jan-2020 17:23:09.064 INFO [http-nio-8080-exec-8] org.jboss.resteasy.logging.impl.Slf4jLogger.info Deploying javax.ws.rs.core.Application: class org.camunda.bpm.cockpit.impl.web.CockpitApplication
12-Jan-2020 17:39:13.826 INFO [http-nio-8080-exec-3] com.camunda.batch.BatchActivity.ChangeOwnerDelegate.execute New value of stock is: 128
12-Jan-2020 17:39:13.827 INFO [http-nio-8080-exec-3] com.camunda.batch.BatchActivity.ChangeOwnerDelegate.execute New owner is: Elia  S. Whatever
12-Jan-2020 17:39:13.841 INFO [http-nio-8080-exec-3] com.camunda.batch.BatchActivity.ChangeOwnerDelegate.execute New value of stock is: 195
12-Jan-2020 17:39:13.841 INFO [http-nio-8080-exec-3] com.camunda.batch.BatchActivity.ChangeOwnerDelegate.execute New owner is: Natalie Doe
12-Jan-2020 17:39:13.854 INFO [http-nio-8080-exec-3] com.camunda.batch.BatchActivity.ChangeOwnerDelegate.execute New value of stock is: 144
12-Jan-2020 17:39:13.854 INFO [http-nio-8080-exec-3] com.camunda.batch.BatchActivity.ChangeOwnerDelegate.execute New owner is: Olof Palme
