02-Jan-2020 13:51:11.799 INFO [main] org.apache.catalina.startup.VersionLoggerListener.log Server version name:   Apache Tomcat/9.0.24
02-Jan-2020 13:51:12.162 INFO [main] org.apache.catalina.startup.VersionLoggerListener.log Server built:          Aug 14 2019 21:16:42 UTC
02-Jan-2020 13:51:12.163 INFO [main] org.apache.catalina.startup.VersionLoggerListener.log Server version number: 9.0.24.0
02-Jan-2020 13:51:12.166 INFO [main] org.apache.catalina.startup.VersionLoggerListener.log OS Name:               Windows 8.1
02-Jan-2020 13:51:12.168 INFO [main] org.apache.catalina.startup.VersionLoggerListener.log OS Version:            6.3
02-Jan-2020 13:51:12.168 INFO [main] org.apache.catalina.startup.VersionLoggerListener.log Architecture:          amd64
02-Jan-2020 13:51:12.169 INFO [main] org.apache.catalina.startup.VersionLoggerListener.log Java Home:             C:\Program Files\Java\jre1.8.0_231
02-Jan-2020 13:51:12.169 INFO [main] org.apache.catalina.startup.VersionLoggerListener.log JVM Version:           1.8.0_231-b11
02-Jan-2020 13:51:12.171 INFO [main] org.apache.catalina.startup.VersionLoggerListener.log JVM Vendor:            Oracle Corporation
02-Jan-2020 13:51:12.172 INFO [main] org.apache.catalina.startup.VersionLoggerListener.log CATALINA_BASE:         C:\Users\Vortex\Desktop\tomcat\server\apache-tomcat-9.0.24
02-Jan-2020 13:51:12.172 INFO [main] org.apache.catalina.startup.VersionLoggerListener.log CATALINA_HOME:         C:\Users\Vortex\Desktop\tomcat\server\apache-tomcat-9.0.24
02-Jan-2020 13:51:13.142 INFO [main] org.apache.catalina.startup.VersionLoggerListener.log Command line argument: -Djava.util.logging.config.file=C:\Users\Vortex\Desktop\tomcat\server\apache-tomcat-9.0.24\conf\logging.properties
02-Jan-2020 13:51:13.145 INFO [main] org.apache.catalina.startup.VersionLoggerListener.log Command line argument: -Djava.util.logging.manager=org.apache.juli.ClassLoaderLogManager
02-Jan-2020 13:51:13.146 INFO [main] org.apache.catalina.startup.VersionLoggerListener.log Command line argument: -Djdk.tls.ephemeralDHKeySize=2048
02-Jan-2020 13:51:13.147 INFO [main] org.apache.catalina.startup.VersionLoggerListener.log Command line argument: -Djava.protocol.handler.pkgs=org.apache.catalina.webresources
02-Jan-2020 13:51:13.147 INFO [main] org.apache.catalina.startup.VersionLoggerListener.log Command line argument: -Xmx512m
02-Jan-2020 13:51:13.149 INFO [main] org.apache.catalina.startup.VersionLoggerListener.log Command line argument: -XX:MaxPermSize=256m
02-Jan-2020 13:51:13.150 INFO [main] org.apache.catalina.startup.VersionLoggerListener.log Command line argument: -XX:PermSize=256m
02-Jan-2020 13:51:13.150 INFO [main] org.apache.catalina.startup.VersionLoggerListener.log Command line argument: -Dignore.endorsed.dirs=
02-Jan-2020 13:51:13.153 INFO [main] org.apache.catalina.startup.VersionLoggerListener.log Command line argument: -Dcatalina.base=C:\Users\Vortex\Desktop\tomcat\server\apache-tomcat-9.0.24
02-Jan-2020 13:51:13.154 INFO [main] org.apache.catalina.startup.VersionLoggerListener.log Command line argument: -Dcatalina.home=C:\Users\Vortex\Desktop\tomcat\server\apache-tomcat-9.0.24
02-Jan-2020 13:51:13.154 INFO [main] org.apache.catalina.startup.VersionLoggerListener.log Command line argument: -Djava.io.tmpdir=C:\Users\Vortex\Desktop\tomcat\server\apache-tomcat-9.0.24\temp
02-Jan-2020 13:51:13.155 INFO [main] org.apache.catalina.core.AprLifecycleListener.lifecycleEvent The APR based Apache Tomcat Native library which allows optimal performance in production environments was not found on the java.library.path: [C:\Program Files\Java\jre1.8.0_231\bin;C:\WINDOWS\Sun\Java\bin;C:\WINDOWS\system32;C:\WINDOWS;C:\Program Files (x86)\Common Files\Oracle\Java\javapath;C:\Program Files\Java\jre1.8.0_77\bin;C:\Program Files (x86)\NVIDIA Corporation\PhysX\Common;C:\Program Files (x86)\AMD APP\bin\x86_64;C:\Program Files (x86)\AMD APP\bin\x86;C:\WINDOWS\system32;C:\WINDOWS;C:\WINDOWS\System32\Wbem;C:\WINDOWS\System32\WindowsPowerShell\v1.0\;C:\Program Files (x86)\Windows Live\Shared;C:\Program Files (x86)\ATI Technologies\ATI.ACE\Core-Static;C:\Program Files\Microsoft SQL Server\120\Tools\Binn\;C:\Program Files\Microsoft SQL Server\Client SDK\ODBC\110\Tools\Binn\;C:\Program Files (x86)\Microsoft SQL Server\120\Tools\Binn\;C:\Program Files\Microsoft SQL Server\120\DTS\Binn\;C:\Program Files (x86)\Microsoft SQL Server\120\Tools\Binn\ManagementStudio\;C:\Program Files (x86)\Microsoft SQL Server\120\DTS\Binn\;C:\Program Files (x86)\AMD\ATI.ACE\Core-Static;C:\Program Files\Microsoft SQL Server\110\Tools\Binn\;C:\Program Files (x86)\Windows Kits\8.1\Windows Performance Toolkit\;C:\WINDOWS\system32\config\systemprofile\.dnx\bin;C:\Program Files\Microsoft DNX\Dnvm\;C:\Program Files\Microsoft SQL Server\130\Tools\Binn\;C:\Program Files (x86)\sbt\bin;C:\Program Files\Java\jdk1.8.0_161\bin;C:\Program Files\nodejs\;C:\Program Files\Git\cmd;C:\Program Files\Git\mingw64\bin;C:\Program Files\Git\usr\bin;C:\Program Files\MATLAB\R2018a\runtime\win64;C:\Program Files\MATLAB\R2018a\bin;C:\MinGW\bin;C:\Program Files\apache-maven-3.6.2\bin;C:\Users\Vortex\.dnx\bin;C:\Users\Vortex\AppData\Local\Programs\Python\Python35-32\Scripts\;C:\Users\Vortex\AppData\Local\Programs\Python\Python35-32\;C:\Program Files\Docker Toolbox;C:\Program Files\Git\bin;C:\Program Files\Git\cmd;C:\Users\Vortex\Anaconda3;C:\Users\Vortex\Anaconda3\Scripts\;C:\Users\Vortex\AppData\Roaming\npm;C:\Program Files\apache-maven-3.6.2\bin;.]
02-Jan-2020 13:51:43.257 INFO [main] org.apache.coyote.AbstractProtocol.init Initializing ProtocolHandler ["http-nio-8080"]
02-Jan-2020 13:51:48.310 INFO [main] org.apache.coyote.AbstractProtocol.init Initializing ProtocolHandler ["ajp-nio-8009"]
02-Jan-2020 13:51:48.367 INFO [main] org.apache.catalina.startup.Catalina.load Server initialization in [41,115] milliseconds
02-Jan-2020 13:52:00.571 INFO [main] org.camunda.commons.logging.BaseLogger.logInfo ENGINE-08046 Found camunda bpm platform configuration in CATALINA_BASE/CATALINA_HOME conf directory [C:\Users\Vortex\Desktop\tomcat\server\apache-tomcat-9.0.24\conf\bpm-platform.xml] at 'file:/C:/Users/Vortex/Desktop/tomcat/server/apache-tomcat-9.0.24/conf/bpm-platform.xml'
02-Jan-2020 13:52:09.647 INFO [main] org.camunda.commons.logging.BaseLogger.logInfo ENGINE-12003 Plugin 'ProcessApplicationEventListenerPlugin' activated on process engine 'default'
02-Jan-2020 13:52:09.885 INFO [main] org.camunda.commons.logging.BaseLogger.logInfo ENGINE-12003 Plugin 'SpinProcessEnginePlugin' activated on process engine 'default'
02-Jan-2020 13:52:10.085 INFO [main] org.camunda.commons.logging.BaseLogger.logInfo SPIN-01010 Discovered Spin data format provider: org.camunda.spin.impl.json.jackson.format.JacksonJsonDataFormatProvider[name = application/json]
02-Jan-2020 13:52:14.786 INFO [main] org.camunda.commons.logging.BaseLogger.logInfo SPIN-01010 Discovered Spin data format provider: org.camunda.spin.impl.xml.dom.format.DomXmlDataFormatProvider[name = application/xml]
02-Jan-2020 13:52:15.125 INFO [main] org.camunda.commons.logging.BaseLogger.logInfo SPIN-01009 Discovered Spin data format: org.camunda.spin.impl.xml.dom.format.DomXmlDataFormat[name = application/xml]
02-Jan-2020 13:52:15.128 INFO [main] org.camunda.commons.logging.BaseLogger.logInfo SPIN-01009 Discovered Spin data format: org.camunda.spin.impl.json.jackson.format.JacksonJsonDataFormat[name = application/json]
02-Jan-2020 13:52:15.136 INFO [main] org.camunda.commons.logging.BaseLogger.logInfo ENGINE-12003 Plugin 'ConnectProcessEnginePlugin' activated on process engine 'default'
02-Jan-2020 13:52:19.363 INFO [main] org.camunda.commons.logging.BaseLogger.logInfo CNCT-01004 Discovered provider for connector id 'http-connector' and class 'org.camunda.connect.httpclient.impl.HttpConnectorImpl': 'org.camunda.connect.httpclient.impl.HttpConnectorProviderImpl'
02-Jan-2020 13:52:19.418 INFO [main] org.camunda.commons.logging.BaseLogger.logInfo CNCT-01004 Discovered provider for connector id 'soap-http-connector' and class 'org.camunda.connect.httpclient.soap.impl.SoapHttpConnectorImpl': 'org.camunda.connect.httpclient.soap.impl.SoapHttpConnectorProviderImpl'
02-Jan-2020 13:52:43.971 INFO [main] org.camunda.commons.logging.BaseLogger.logInfo ENGINE-00001 Process Engine default created.
02-Jan-2020 13:52:43.985 INFO [main] org.camunda.commons.logging.BaseLogger.logInfo ENGINE-14014 Starting up the JobExecutor[org.camunda.bpm.engine.impl.jobexecutor.RuntimeContainerJobExecutor].
02-Jan-2020 13:52:44.026 INFO [Thread-6] org.camunda.commons.logging.BaseLogger.logInfo ENGINE-14018 JobExecutor[org.camunda.bpm.engine.impl.jobexecutor.RuntimeContainerJobExecutor] starting to acquire jobs
02-Jan-2020 13:52:55.220 INFO [main] org.camunda.commons.logging.BaseLogger.logInfo ENGINE-08048 Camunda BPM platform sucessfully started at 'Apache Tomcat/9.0.24'.
02-Jan-2020 13:52:56.136 INFO [main] org.apache.catalina.core.StandardService.startInternal Starting service [Catalina]
02-Jan-2020 13:52:56.138 INFO [main] org.apache.catalina.core.StandardEngine.startInternal Starting Servlet engine: [Apache Tomcat/9.0.24]
02-Jan-2020 13:52:57.388 INFO [main] org.apache.catalina.startup.HostConfig.deployWAR Deploying web application archive [C:\Users\Vortex\Desktop\tomcat\server\apache-tomcat-9.0.24\webapps\BatchActivity.war]
02-Jan-2020 13:53:45.087 INFO [main] org.camunda.commons.logging.BaseLogger.logInfo ENGINE-07015 Detected @ProcessApplication class 'com.camunda.batch.BatchActivity.CamundaBpmProcessApplication'
02-Jan-2020 13:53:45.605 INFO [main] org.apache.jasper.servlet.TldScanner.scanJars At least one JAR was scanned for TLDs yet contained no TLDs. Enable debug logging for this logger for a complete list of JARs that were scanned but no TLDs were found in them. Skipping unneeded JARs during scanning can improve startup time and JSP compilation time.
02-Jan-2020 13:53:45.812 INFO [main] org.camunda.commons.logging.BaseLogger.logInfo ENGINE-08024 Found processes.xml file at file:/C:/Users/Vortex/Desktop/tomcat/server/apache-tomcat-9.0.24/webapps/BatchActivity/WEB-INF/classes/META-INF/processes.xml
02-Jan-2020 13:53:45.957 INFO [main] org.camunda.commons.logging.BaseLogger.logInfo ENGINE-08023 Deployment summary for process archive 'BatchActivity': 

        process.bpmn

02-Jan-2020 13:53:46.242 INFO [main] org.camunda.commons.logging.BaseLogger.logInfo ENGINE-07021 ProcessApplication 'BatchActivity' registered for DB deployments [629a1595-28dd-11ea-9d5a-d4c9ef713636]. Will execute process definitions 

        stock-evaluation[version: 1, id: stock-evaluation:1:62a31647-28dd-11ea-9d5a-d4c9ef713636]
Deployment does not provide any case definitions.
02-Jan-2020 13:53:46.274 INFO [main] org.camunda.commons.logging.BaseLogger.logInfo SPIN-01010 Discovered Spin data format provider: org.camunda.spin.impl.json.jackson.format.JacksonJsonDataFormatProvider[name = application/json]
02-Jan-2020 13:53:46.292 INFO [main] org.camunda.commons.logging.BaseLogger.logInfo SPIN-01010 Discovered Spin data format provider: org.camunda.spin.impl.xml.dom.format.DomXmlDataFormatProvider[name = application/xml]
02-Jan-2020 13:53:46.327 INFO [main] org.camunda.commons.logging.BaseLogger.logInfo SPIN-01009 Discovered Spin data format: org.camunda.spin.impl.xml.dom.format.DomXmlDataFormat[name = application/xml]
02-Jan-2020 13:53:46.332 INFO [main] org.camunda.commons.logging.BaseLogger.logInfo SPIN-01009 Discovered Spin data format: org.camunda.spin.impl.json.jackson.format.JacksonJsonDataFormat[name = application/json]
02-Jan-2020 13:53:46.367 INFO [main] org.camunda.commons.logging.BaseLogger.logInfo ENGINE-08050 Process application BatchActivity successfully deployed
02-Jan-2020 13:53:46.503 INFO [main] org.apache.catalina.startup.HostConfig.deployWAR Deployment of web application archive [C:\Users\Vortex\Desktop\tomcat\server\apache-tomcat-9.0.24\webapps\BatchActivity.war] has finished in [49,116] ms
02-Jan-2020 13:53:46.585 INFO [main] org.apache.catalina.startup.HostConfig.deployWAR Deploying web application archive [C:\Users\Vortex\Desktop\tomcat\server\apache-tomcat-9.0.24\webapps\UserTaskBatch.war]
02-Jan-2020 13:54:14.129 INFO [main] org.camunda.commons.logging.BaseLogger.logInfo ENGINE-07015 Detected @ProcessApplication class 'com.camunda.batch.UserTaskBatch.CamundaBpmProcessApplication'
02-Jan-2020 13:54:14.370 INFO [main] org.apache.jasper.servlet.TldScanner.scanJars At least one JAR was scanned for TLDs yet contained no TLDs. Enable debug logging for this logger for a complete list of JARs that were scanned but no TLDs were found in them. Skipping unneeded JARs during scanning can improve startup time and JSP compilation time.
02-Jan-2020 13:54:14.396 INFO [main] org.camunda.commons.logging.BaseLogger.logInfo ENGINE-08024 Found processes.xml file at file:/C:/Users/Vortex/Desktop/tomcat/server/apache-tomcat-9.0.24/webapps/UserTaskBatch/WEB-INF/classes/META-INF/processes.xml
02-Jan-2020 13:54:14.461 INFO [main] org.camunda.commons.logging.BaseLogger.logInfo ENGINE-08023 Deployment summary for process archive 'UserTaskBatch': 

        process.bpmn

02-Jan-2020 13:54:14.482 INFO [main] org.camunda.commons.logging.BaseLogger.logInfo ENGINE-07021 ProcessApplication 'UserTaskBatch' registered for DB deployments [72581548-28dd-11ea-9d5a-d4c9ef713636]. Will execute process definitions 

        UserTaskBatch[version: 1, id: UserTaskBatch:1:725b97ba-28dd-11ea-9d5a-d4c9ef713636]
Deployment does not provide any case definitions.
02-Jan-2020 13:54:14.514 INFO [main] org.camunda.commons.logging.BaseLogger.logInfo SPIN-01010 Discovered Spin data format provider: org.camunda.spin.impl.json.jackson.format.JacksonJsonDataFormatProvider[name = application/json]
02-Jan-2020 13:54:14.535 INFO [main] org.camunda.commons.logging.BaseLogger.logInfo SPIN-01010 Discovered Spin data format provider: org.camunda.spin.impl.xml.dom.format.DomXmlDataFormatProvider[name = application/xml]
02-Jan-2020 13:54:14.567 INFO [main] org.camunda.commons.logging.BaseLogger.logInfo SPIN-01009 Discovered Spin data format: org.camunda.spin.impl.xml.dom.format.DomXmlDataFormat[name = application/xml]
02-Jan-2020 13:54:14.580 INFO [main] org.camunda.commons.logging.BaseLogger.logInfo SPIN-01009 Discovered Spin data format: org.camunda.spin.impl.json.jackson.format.JacksonJsonDataFormat[name = application/json]
02-Jan-2020 13:54:14.582 INFO [main] org.camunda.commons.logging.BaseLogger.logInfo ENGINE-08050 Process application UserTaskBatch successfully deployed
02-Jan-2020 13:54:14.603 INFO [main] org.apache.catalina.startup.HostConfig.deployWAR Deployment of web application archive [C:\Users\Vortex\Desktop\tomcat\server\apache-tomcat-9.0.24\webapps\UserTaskBatch.war] has finished in [28,017] ms
02-Jan-2020 13:54:14.619 INFO [main] org.apache.catalina.startup.HostConfig.deployDirectory Deploying web application directory [C:\Users\Vortex\Desktop\tomcat\server\apache-tomcat-9.0.24\webapps\camunda]
02-Jan-2020 13:54:48.785 INFO [main] org.apache.jasper.servlet.TldScanner.scanJars At least one JAR was scanned for TLDs yet contained no TLDs. Enable debug logging for this logger for a complete list of JARs that were scanned but no TLDs were found in them. Skipping unneeded JARs during scanning can improve startup time and JSP compilation time.
02-Jan-2020 13:54:52.720 INFO [main] org.apache.catalina.startup.HostConfig.deployDirectory Deployment of web application directory [C:\Users\Vortex\Desktop\tomcat\server\apache-tomcat-9.0.24\webapps\camunda] has finished in [38,099] ms
02-Jan-2020 13:54:52.730 INFO [main] org.apache.catalina.startup.HostConfig.deployDirectory Deploying web application directory [C:\Users\Vortex\Desktop\tomcat\server\apache-tomcat-9.0.24\webapps\camunda-invoice]
02-Jan-2020 13:55:16.184 INFO [main] org.camunda.commons.logging.BaseLogger.logInfo ENGINE-07015 Detected @ProcessApplication class 'org.camunda.bpm.example.invoice.InvoiceProcessApplication'
02-Jan-2020 13:55:16.496 INFO [main] org.apache.jasper.servlet.TldScanner.scanJars At least one JAR was scanned for TLDs yet contained no TLDs. Enable debug logging for this logger for a complete list of JARs that were scanned but no TLDs were found in them. Skipping unneeded JARs during scanning can improve startup time and JSP compilation time.
02-Jan-2020 13:55:16.535 INFO [main] org.camunda.commons.logging.BaseLogger.logInfo ENGINE-08024 Found processes.xml file at file:/C:/Users/Vortex/Desktop/tomcat/server/apache-tomcat-9.0.24/webapps/camunda-invoice/WEB-INF/classes/META-INF/processes.xml
02-Jan-2020 13:55:16.679 INFO [main] org.camunda.commons.logging.BaseLogger.logInfo ENGINE-08023 Deployment summary for process archive 'camunda-invoice': 

        invoiceBusinessDecisions.dmn
        invoice.v2.bpmn
        review-invoice.cmmn

02-Jan-2020 13:55:20.093 INFO [main] org.camunda.commons.logging.BaseLogger.logInfo ENGINE-07021 ProcessApplication 'camunda-invoice' registered for DB deployments [a709e138-28dc-11ea-9d5a-d4c9ef713636, a644955e-28dc-11ea-9d5a-d4c9ef713636]. Will execute process definitions 

        invoice[version: 2, id: invoice:2:a7137e2c-28dc-11ea-9d5a-d4c9ef713636]
        invoice[version: 1, id: invoice:1:a66563d2-28dc-11ea-9d5a-d4c9ef713636]

Will execute case definitions 

        ReviewInvoiceCase[version: 2, id: ReviewInvoiceCase:2:a71fb32e-28dc-11ea-9d5a-d4c9ef713636]
        ReviewInvoiceCase[version: 1, id: ReviewInvoiceCase:1:a6c907a4-28dc-11ea-9d5a-d4c9ef713636]

02-Jan-2020 13:55:20.277 INFO [main] org.camunda.commons.logging.BaseLogger.logInfo SPIN-01010 Discovered Spin data format provider: org.camunda.spin.impl.json.jackson.format.JacksonJsonDataFormatProvider[name = application/json]
02-Jan-2020 13:55:20.352 INFO [main] org.camunda.commons.logging.BaseLogger.logInfo SPIN-01010 Discovered Spin data format provider: org.camunda.spin.impl.xml.dom.format.DomXmlDataFormatProvider[name = application/xml]
02-Jan-2020 13:55:20.511 INFO [main] org.camunda.commons.logging.BaseLogger.logInfo SPIN-01009 Discovered Spin data format: org.camunda.spin.impl.xml.dom.format.DomXmlDataFormat[name = application/xml]
02-Jan-2020 13:55:20.520 INFO [main] org.camunda.commons.logging.BaseLogger.logInfo SPIN-01009 Discovered Spin data format: org.camunda.spin.impl.json.jackson.format.JacksonJsonDataFormat[name = application/json]
02-Jan-2020 13:55:20.920 INFO [main] org.camunda.bpm.example.invoice.InvoiceProcessApplication.startProcessInstances No new instances of Invoice Receipt version 1 started, there are 3 instances running
02-Jan-2020 13:55:20.972 INFO [main] org.camunda.bpm.example.invoice.InvoiceProcessApplication.startProcessInstances No new instances of Invoice Receipt version 2 started, there are 3 instances running
02-Jan-2020 13:55:20.984 INFO [main] org.camunda.commons.logging.BaseLogger.logInfo ENGINE-08050 Process application camunda-invoice successfully deployed
02-Jan-2020 13:55:21.018 INFO [main] org.apache.catalina.startup.HostConfig.deployDirectory Deployment of web application directory [C:\Users\Vortex\Desktop\tomcat\server\apache-tomcat-9.0.24\webapps\camunda-invoice] has finished in [28,286] ms
02-Jan-2020 13:55:21.026 INFO [main] org.apache.catalina.startup.HostConfig.deployDirectory Deploying web application directory [C:\Users\Vortex\Desktop\tomcat\server\apache-tomcat-9.0.24\webapps\camunda-welcome]
02-Jan-2020 13:55:43.515 INFO [main] org.apache.jasper.servlet.TldScanner.scanJars At least one JAR was scanned for TLDs yet contained no TLDs. Enable debug logging for this logger for a complete list of JARs that were scanned but no TLDs were found in them. Skipping unneeded JARs during scanning can improve startup time and JSP compilation time.
02-Jan-2020 13:55:43.538 INFO [main] org.apache.catalina.startup.HostConfig.deployDirectory Deployment of web application directory [C:\Users\Vortex\Desktop\tomcat\server\apache-tomcat-9.0.24\webapps\camunda-welcome] has finished in [22,512] ms
02-Jan-2020 13:55:43.548 INFO [main] org.apache.catalina.startup.HostConfig.deployDirectory Deploying web application directory [C:\Users\Vortex\Desktop\tomcat\server\apache-tomcat-9.0.24\webapps\docs]
02-Jan-2020 13:56:03.481 INFO [main] org.apache.jasper.servlet.TldScanner.scanJars At least one JAR was scanned for TLDs yet contained no TLDs. Enable debug logging for this logger for a complete list of JARs that were scanned but no TLDs were found in them. Skipping unneeded JARs during scanning can improve startup time and JSP compilation time.
02-Jan-2020 13:56:03.509 INFO [main] org.apache.catalina.startup.HostConfig.deployDirectory Deployment of web application directory [C:\Users\Vortex\Desktop\tomcat\server\apache-tomcat-9.0.24\webapps\docs] has finished in [19,961] ms
02-Jan-2020 13:56:03.512 INFO [main] org.apache.catalina.startup.HostConfig.deployDirectory Deploying web application directory [C:\Users\Vortex\Desktop\tomcat\server\apache-tomcat-9.0.24\webapps\engine-rest]
02-Jan-2020 13:56:27.665 INFO [main] org.apache.jasper.servlet.TldScanner.scanJars At least one JAR was scanned for TLDs yet contained no TLDs. Enable debug logging for this logger for a complete list of JARs that were scanned but no TLDs were found in them. Skipping unneeded JARs during scanning can improve startup time and JSP compilation time.
02-Jan-2020 13:56:29.596 INFO [main] org.apache.catalina.startup.HostConfig.deployDirectory Deployment of web application directory [C:\Users\Vortex\Desktop\tomcat\server\apache-tomcat-9.0.24\webapps\engine-rest] has finished in [26,083] ms
02-Jan-2020 13:56:29.604 INFO [main] org.apache.catalina.startup.HostConfig.deployDirectory Deploying web application directory [C:\Users\Vortex\Desktop\tomcat\server\apache-tomcat-9.0.24\webapps\examples]
02-Jan-2020 13:56:53.670 INFO [main] org.apache.jasper.servlet.TldScanner.scanJars At least one JAR was scanned for TLDs yet contained no TLDs. Enable debug logging for this logger for a complete list of JARs that were scanned but no TLDs were found in them. Skipping unneeded JARs during scanning can improve startup time and JSP compilation time.
02-Jan-2020 13:56:53.866 INFO [main] org.apache.catalina.startup.HostConfig.deployDirectory Deployment of web application directory [C:\Users\Vortex\Desktop\tomcat\server\apache-tomcat-9.0.24\webapps\examples] has finished in [24,262] ms
02-Jan-2020 13:56:53.894 INFO [main] org.apache.catalina.startup.HostConfig.deployDirectory Deploying web application directory [C:\Users\Vortex\Desktop\tomcat\server\apache-tomcat-9.0.24\webapps\h2]
02-Jan-2020 13:57:17.195 INFO [main] org.apache.jasper.servlet.TldScanner.scanJars At least one JAR was scanned for TLDs yet contained no TLDs. Enable debug logging for this logger for a complete list of JARs that were scanned but no TLDs were found in them. Skipping unneeded JARs during scanning can improve startup time and JSP compilation time.
02-Jan-2020 13:57:17.265 INFO [main] org.apache.catalina.startup.HostConfig.deployDirectory Deployment of web application directory [C:\Users\Vortex\Desktop\tomcat\server\apache-tomcat-9.0.24\webapps\h2] has finished in [23,371] ms
02-Jan-2020 13:57:17.271 INFO [main] org.apache.catalina.startup.HostConfig.deployDirectory Deploying web application directory [C:\Users\Vortex\Desktop\tomcat\server\apache-tomcat-9.0.24\webapps\host-manager]
02-Jan-2020 13:57:40.149 INFO [main] org.apache.jasper.servlet.TldScanner.scanJars At least one JAR was scanned for TLDs yet contained no TLDs. Enable debug logging for this logger for a complete list of JARs that were scanned but no TLDs were found in them. Skipping unneeded JARs during scanning can improve startup time and JSP compilation time.
02-Jan-2020 13:57:40.205 INFO [main] org.apache.catalina.startup.HostConfig.deployDirectory Deployment of web application directory [C:\Users\Vortex\Desktop\tomcat\server\apache-tomcat-9.0.24\webapps\host-manager] has finished in [22,934] ms
02-Jan-2020 13:57:40.217 INFO [main] org.apache.catalina.startup.HostConfig.deployDirectory Deploying web application directory [C:\Users\Vortex\Desktop\tomcat\server\apache-tomcat-9.0.24\webapps\manager]
02-Jan-2020 13:58:02.418 INFO [main] org.apache.jasper.servlet.TldScanner.scanJars At least one JAR was scanned for TLDs yet contained no TLDs. Enable debug logging for this logger for a complete list of JARs that were scanned but no TLDs were found in them. Skipping unneeded JARs during scanning can improve startup time and JSP compilation time.
02-Jan-2020 13:58:02.452 INFO [main] org.apache.catalina.startup.HostConfig.deployDirectory Deployment of web application directory [C:\Users\Vortex\Desktop\tomcat\server\apache-tomcat-9.0.24\webapps\manager] has finished in [22,234] ms
02-Jan-2020 13:58:02.466 INFO [main] org.apache.catalina.startup.HostConfig.deployDirectory Deploying web application directory [C:\Users\Vortex\Desktop\tomcat\server\apache-tomcat-9.0.24\webapps\ROOT]
02-Jan-2020 13:58:23.348 INFO [main] org.apache.jasper.servlet.TldScanner.scanJars At least one JAR was scanned for TLDs yet contained no TLDs. Enable debug logging for this logger for a complete list of JARs that were scanned but no TLDs were found in them. Skipping unneeded JARs during scanning can improve startup time and JSP compilation time.
02-Jan-2020 13:58:23.390 INFO [main] org.apache.catalina.startup.HostConfig.deployDirectory Deployment of web application directory [C:\Users\Vortex\Desktop\tomcat\server\apache-tomcat-9.0.24\webapps\ROOT] has finished in [20,924] ms
02-Jan-2020 13:58:23.414 INFO [main] org.apache.coyote.AbstractProtocol.start Starting ProtocolHandler ["http-nio-8080"]
02-Jan-2020 13:58:23.513 INFO [main] org.apache.coyote.AbstractProtocol.start Starting ProtocolHandler ["ajp-nio-8009"]
02-Jan-2020 13:58:23.553 INFO [main] org.apache.catalina.startup.Catalina.start Server startup in [395,184] milliseconds
02-Jan-2020 13:59:23.197 INFO [http-nio-8080-exec-1] org.jboss.resteasy.logging.impl.Slf4jLogger.info Deploying javax.ws.rs.core.Application: class org.camunda.bpm.tasklist.impl.web.TasklistApplication
02-Jan-2020 13:59:33.195 INFO [http-nio-8080-exec-3] org.jboss.resteasy.logging.impl.Slf4jLogger.info Deploying javax.ws.rs.core.Application: class org.camunda.bpm.webapp.impl.engine.EngineRestApplication
02-Jan-2020 13:59:33.283 INFO [http-nio-8080-exec-4] org.jboss.resteasy.logging.impl.Slf4jLogger.info Deploying javax.ws.rs.core.Application: class org.camunda.bpm.admin.impl.web.AdminApplication
02-Jan-2020 13:59:58.069 INFO [http-nio-8080-exec-10] org.jboss.resteasy.spi.ResteasyDeployment.processApplication RESTEASY002225: Deploying javax.ws.rs.core.Application: class org.camunda.bpm.engine.rest.impl.application.DefaultApplication
02-Jan-2020 13:59:58.183 INFO [http-nio-8080-exec-10] org.jboss.resteasy.spi.ResteasyDeployment.processApplication RESTEASY002205: Adding provider class org.camunda.bpm.engine.rest.exception.JsonMappingExceptionHandler from Application class org.camunda.bpm.engine.rest.impl.application.DefaultApplication
02-Jan-2020 13:59:58.197 INFO [http-nio-8080-exec-10] org.jboss.resteasy.spi.ResteasyDeployment.processApplication RESTEASY002205: Adding provider class org.camunda.bpm.engine.rest.exception.ProcessEngineExceptionHandler from Application class org.camunda.bpm.engine.rest.impl.application.DefaultApplication
02-Jan-2020 13:59:58.213 INFO [http-nio-8080-exec-10] org.jboss.resteasy.spi.ResteasyDeployment.processApplication RESTEASY002205: Adding provider class org.camunda.bpm.engine.rest.mapper.JacksonConfigurator from Application class org.camunda.bpm.engine.rest.impl.application.DefaultApplication
02-Jan-2020 13:59:58.216 INFO [http-nio-8080-exec-10] org.jboss.resteasy.spi.ResteasyDeployment.processApplication RESTEASY002205: Adding provider class org.camunda.bpm.engine.rest.mapper.MultipartPayloadProvider from Application class org.camunda.bpm.engine.rest.impl.application.DefaultApplication
02-Jan-2020 13:59:58.232 INFO [http-nio-8080-exec-10] org.jboss.resteasy.spi.ResteasyDeployment.processApplication RESTEASY002200: Adding class resource org.camunda.bpm.engine.rest.impl.JaxRsTwoDefaultProcessEngineRestServiceImpl from Application class org.camunda.bpm.engine.rest.impl.application.DefaultApplication
02-Jan-2020 13:59:58.242 INFO [http-nio-8080-exec-10] org.jboss.resteasy.spi.ResteasyDeployment.processApplication RESTEASY002205: Adding provider class com.fasterxml.jackson.jaxrs.json.JacksonJsonProvider from Application class org.camunda.bpm.engine.rest.impl.application.DefaultApplication
02-Jan-2020 13:59:58.248 INFO [http-nio-8080-exec-10] org.jboss.resteasy.spi.ResteasyDeployment.processApplication RESTEASY002205: Adding provider class org.camunda.bpm.engine.rest.hal.JacksonHalJsonProvider from Application class org.camunda.bpm.engine.rest.impl.application.DefaultApplication
02-Jan-2020 13:59:58.250 INFO [http-nio-8080-exec-10] org.jboss.resteasy.spi.ResteasyDeployment.processApplication RESTEASY002205: Adding provider class org.camunda.bpm.engine.rest.exception.ExceptionHandler from Application class org.camunda.bpm.engine.rest.impl.application.DefaultApplication
02-Jan-2020 13:59:58.253 INFO [http-nio-8080-exec-10] org.jboss.resteasy.spi.ResteasyDeployment.processApplication RESTEASY002205: Adding provider class org.camunda.bpm.engine.rest.exception.RestExceptionHandler from Application class org.camunda.bpm.engine.rest.impl.application.DefaultApplication
02-Jan-2020 13:59:58.257 INFO [http-nio-8080-exec-10] org.jboss.resteasy.spi.ResteasyDeployment.processApplication RESTEASY002205: Adding provider class org.camunda.bpm.engine.rest.exception.JsonParseExceptionHandler from Application class org.camunda.bpm.engine.rest.impl.application.DefaultApplication
02-Jan-2020 13:59:58.261 INFO [http-nio-8080-exec-10] org.jboss.resteasy.spi.ResteasyDeployment.processApplication RESTEASY002200: Adding class resource org.camunda.bpm.engine.rest.impl.JaxRsTwoNamedProcessEngineRestServiceImpl from Application class org.camunda.bpm.engine.rest.impl.application.DefaultApplication
02-Jan-2020 14:00:32.705 INFO [http-nio-8080-exec-10] com.camunda.batch.UserTaskBatch.WebServiceDelegate.execute LOGGER for WebService
02-Jan-2020 14:00:32.805 SEVERE [http-nio-8080-exec-10] org.camunda.commons.logging.BaseLogger.logError ENGINE-16004 Exception while closing command context: ENGINE-03004 Exception while executing Database Operation 'DELETE ExecutionEntity[737e4167-2d57-11ea-8d29-d4c9ef713636]' with message '
### Error flushing statements.  Cause: org.apache.ibatis.executor.BatchExecutorException: org.camunda.bpm.engine.impl.persistence.entity.ExecutionEntity.deleteExecution (batch index #7) failed. 6 prior sub executor(s) completed successfully, but will be rolled back. Cause: org.h2.jdbc.JdbcBatchUpdateException: Referential integrity constraint violation: "ACT_FK_VAR_EXE: PUBLIC.ACT_RU_VARIABLE FOREIGN KEY(EXECUTION_ID_) REFERENCES PUBLIC.ACT_RU_EXECUTION(ID_) ('737e4167-2d57-11ea-8d29-d4c9ef713636')"; SQL statement:
delete from ACT_RU_EXECUTION where ID_ = ? and REV_ = ? [23503-190]
### Cause: org.apache.ibatis.executor.BatchExecutorException: org.camunda.bpm.engine.impl.persistence.entity.ExecutionEntity.deleteExecution (batch index #7) failed. 6 prior sub executor(s) completed successfully, but will be rolled back. Cause: org.h2.jdbc.JdbcBatchUpdateException: Referential integrity constraint violation: "ACT_FK_VAR_EXE: PUBLIC.ACT_RU_VARIABLE FOREIGN KEY(EXECUTION_ID_) REFERENCES PUBLIC.ACT_RU_EXECUTION(ID_) ('737e4167-2d57-11ea-8d29-d4c9ef713636')"; SQL statement:
delete from ACT_RU_EXECUTION where ID_ = ? and REV_ = ? [23503-190]'. Flush summary: 
 [
  INSERT HistoricVariableInstanceEntity[7a5fbaf3-2d57-11ea-8d29-d4c9ef713636]
  INSERT UserOperationLogEntryEventEntity[7a600916-2d57-11ea-8d29-d4c9ef713636]
  INSERT HistoricVariableUpdateEventEntity[7a5fe205-2d57-11ea-8d29-d4c9ef713636]
  INSERT HistoricActivityInstanceEventEntity[EndEventProcessEnded:7a656048-2d57-11ea-8d29-d4c9ef713636]
  INSERT HistoricActivityInstanceEventEntity[webService:7a611a87-2d57-11ea-8d29-d4c9ef713636]
  INSERT VariableInstanceEntity[7a5fbaf3-2d57-11ea-8d29-d4c9ef713636]
  DELETE TaskEntity[73840dca-2d57-11ea-8d29-d4c9ef713636]
  DELETE ExecutionEntity[737e4167-2d57-11ea-8d29-d4c9ef713636]
  UPDATE HistoricActivityInstanceEventEntity[approve:7383bfa9-2d57-11ea-8d29-d4c9ef713636]
  UPDATE HistoricProcessInstanceEventEntity[737e4167-2d57-11ea-8d29-d4c9ef713636]
  UPDATE HistoricTaskInstanceEventEntity[73840dca-2d57-11ea-8d29-d4c9ef713636]
  DELETE_BULK deleteAuthorizationsForResourceId {resourceId=73840dca-2d57-11ea-8d29-d4c9ef713636, resourceType=7}
  DELETE_BULK deleteAuthorizationsForResourceId {resourceId=737e4167-2d57-11ea-8d29-d4c9ef713636, resourceType=8}
]
	org.camunda.bpm.engine.ProcessEngineException: ENGINE-03004 Exception while executing Database Operation 'DELETE ExecutionEntity[737e4167-2d57-11ea-8d29-d4c9ef713636]' with message '
### Error flushing statements.  Cause: org.apache.ibatis.executor.BatchExecutorException: org.camunda.bpm.engine.impl.persistence.entity.ExecutionEntity.deleteExecution (batch index #7) failed. 6 prior sub executor(s) completed successfully, but will be rolled back. Cause: org.h2.jdbc.JdbcBatchUpdateException: Referential integrity constraint violation: "ACT_FK_VAR_EXE: PUBLIC.ACT_RU_VARIABLE FOREIGN KEY(EXECUTION_ID_) REFERENCES PUBLIC.ACT_RU_EXECUTION(ID_) ('737e4167-2d57-11ea-8d29-d4c9ef713636')"; SQL statement:
delete from ACT_RU_EXECUTION where ID_ = ? and REV_ = ? [23503-190]
### Cause: org.apache.ibatis.executor.BatchExecutorException: org.camunda.bpm.engine.impl.persistence.entity.ExecutionEntity.deleteExecution (batch index #7) failed. 6 prior sub executor(s) completed successfully, but will be rolled back. Cause: org.h2.jdbc.JdbcBatchUpdateException: Referential integrity constraint violation: "ACT_FK_VAR_EXE: PUBLIC.ACT_RU_VARIABLE FOREIGN KEY(EXECUTION_ID_) REFERENCES PUBLIC.ACT_RU_EXECUTION(ID_) ('737e4167-2d57-11ea-8d29-d4c9ef713636')"; SQL statement:
delete from ACT_RU_EXECUTION where ID_ = ? and REV_ = ? [23503-190]'. Flush summary: 
 [
  INSERT HistoricVariableInstanceEntity[7a5fbaf3-2d57-11ea-8d29-d4c9ef713636]
  INSERT UserOperationLogEntryEventEntity[7a600916-2d57-11ea-8d29-d4c9ef713636]
  INSERT HistoricVariableUpdateEventEntity[7a5fe205-2d57-11ea-8d29-d4c9ef713636]
  INSERT HistoricActivityInstanceEventEntity[EndEventProcessEnded:7a656048-2d57-11ea-8d29-d4c9ef713636]
  INSERT HistoricActivityInstanceEventEntity[webService:7a611a87-2d57-11ea-8d29-d4c9ef713636]
  INSERT VariableInstanceEntity[7a5fbaf3-2d57-11ea-8d29-d4c9ef713636]
  DELETE TaskEntity[73840dca-2d57-11ea-8d29-d4c9ef713636]
  DELETE ExecutionEntity[737e4167-2d57-11ea-8d29-d4c9ef713636]
  UPDATE HistoricActivityInstanceEventEntity[approve:7383bfa9-2d57-11ea-8d29-d4c9ef713636]
  UPDATE HistoricProcessInstanceEventEntity[737e4167-2d57-11ea-8d29-d4c9ef713636]
  UPDATE HistoricTaskInstanceEventEntity[73840dca-2d57-11ea-8d29-d4c9ef713636]
  DELETE_BULK deleteAuthorizationsForResourceId {resourceId=73840dca-2d57-11ea-8d29-d4c9ef713636, resourceType=7}
  DELETE_BULK deleteAuthorizationsForResourceId {resourceId=737e4167-2d57-11ea-8d29-d4c9ef713636, resourceType=8}
]
		at org.camunda.bpm.engine.impl.db.EnginePersistenceLogger.flushDbOperationException(EnginePersistenceLogger.java:131)
		at org.camunda.bpm.engine.impl.db.entitymanager.DbEntityManager.flushDbOperations(DbEntityManager.java:355)
		at org.camunda.bpm.engine.impl.db.entitymanager.DbEntityManager.flushDbOperationManager(DbEntityManager.java:322)
		at org.camunda.bpm.engine.impl.db.entitymanager.DbEntityManager.flush(DbEntityManager.java:294)
		at org.camunda.bpm.engine.impl.interceptor.CommandContext.flushSessions(CommandContext.java:263)
		at org.camunda.bpm.engine.impl.interceptor.CommandContext.close(CommandContext.java:186)
		at org.camunda.bpm.engine.impl.interceptor.CommandContextInterceptor.execute(CommandContextInterceptor.java:119)
		at org.camunda.bpm.engine.impl.interceptor.ProcessApplicationContextInterceptor.execute(ProcessApplicationContextInterceptor.java:70)
		at org.camunda.bpm.engine.impl.interceptor.LogInterceptor.execute(LogInterceptor.java:33)
		at org.camunda.bpm.engine.impl.FormServiceImpl.submitTaskForm(FormServiceImpl.java:91)
		at org.camunda.bpm.engine.rest.sub.task.impl.TaskResourceImpl.submit(TaskResourceImpl.java:148)
		at sun.reflect.NativeMethodAccessorImpl.invoke0(Native Method)
		at sun.reflect.NativeMethodAccessorImpl.invoke(Unknown Source)
		at sun.reflect.DelegatingMethodAccessorImpl.invoke(Unknown Source)
		at java.lang.reflect.Method.invoke(Unknown Source)
		at org.jboss.resteasy.core.MethodInjectorImpl.invoke(MethodInjectorImpl.java:167)
		at org.jboss.resteasy.core.ResourceMethod.invokeOnTarget(ResourceMethod.java:257)
		at org.jboss.resteasy.core.ResourceMethod.invoke(ResourceMethod.java:222)
		at org.jboss.resteasy.core.ResourceLocator.invokeOnTargetObject(ResourceLocator.java:159)
		at org.jboss.resteasy.core.ResourceLocator.invoke(ResourceLocator.java:107)
		at org.jboss.resteasy.core.ResourceLocator.invokeOnTargetObject(ResourceLocator.java:154)
		at org.jboss.resteasy.core.ResourceLocator.invoke(ResourceLocator.java:92)
		at org.jboss.resteasy.core.SynchronousDispatcher.getResponse(SynchronousDispatcher.java:542)
		at org.jboss.resteasy.core.SynchronousDispatcher.invoke(SynchronousDispatcher.java:524)
		at org.jboss.resteasy.core.SynchronousDispatcher.invoke(SynchronousDispatcher.java:126)
		at org.jboss.resteasy.plugins.server.servlet.ServletContainerDispatcher.service(ServletContainerDispatcher.java:208)
		at org.jboss.resteasy.plugins.server.servlet.HttpServletDispatcher.service(HttpServletDispatcher.java:55)
		at org.jboss.resteasy.plugins.server.servlet.HttpServletDispatcher.service(HttpServletDispatcher.java:50)
		at javax.servlet.http.HttpServlet.service(HttpServlet.java:741)
		at org.apache.catalina.core.ApplicationFilterChain.internalDoFilter(ApplicationFilterChain.java:231)
		at org.apache.catalina.core.ApplicationFilterChain.doFilter(ApplicationFilterChain.java:166)
		at org.apache.tomcat.websocket.server.WsFilter.doFilter(WsFilter.java:53)
		at org.apache.catalina.core.ApplicationFilterChain.internalDoFilter(ApplicationFilterChain.java:193)
		at org.apache.catalina.core.ApplicationFilterChain.doFilter(ApplicationFilterChain.java:166)
		at org.apache.catalina.filters.CorsFilter.handleNonCORS(CorsFilter.java:352)
		at org.apache.catalina.filters.CorsFilter.doFilter(CorsFilter.java:171)
		at org.apache.catalina.core.ApplicationFilterChain.internalDoFilter(ApplicationFilterChain.java:193)
		at org.apache.catalina.core.ApplicationFilterChain.doFilter(ApplicationFilterChain.java:166)
		at org.camunda.bpm.engine.rest.filter.CacheControlFilter.doFilter(CacheControlFilter.java:45)
		at org.apache.catalina.core.ApplicationFilterChain.internalDoFilter(ApplicationFilterChain.java:193)
		at org.apache.catalina.core.ApplicationFilterChain.doFilter(ApplicationFilterChain.java:166)
		at org.camunda.bpm.engine.rest.filter.EmptyBodyFilter.doFilter(EmptyBodyFilter.java:99)
		at org.apache.catalina.core.ApplicationFilterChain.internalDoFilter(ApplicationFilterChain.java:193)
		at org.apache.catalina.core.ApplicationFilterChain.doFilter(ApplicationFilterChain.java:166)
		at org.camunda.bpm.webapp.impl.security.filter.headersec.HttpHeaderSecurityFilter.doFilter(HttpHeaderSecurityFilter.java:87)
		at org.apache.catalina.core.ApplicationFilterChain.internalDoFilter(ApplicationFilterChain.java:193)
		at org.apache.catalina.core.ApplicationFilterChain.doFilter(ApplicationFilterChain.java:166)
		at org.camunda.bpm.webapp.impl.security.filter.CsrfPreventionFilter.doFilter(CsrfPreventionFilter.java:175)
		at org.apache.catalina.core.ApplicationFilterChain.internalDoFilter(ApplicationFilterChain.java:193)
		at org.apache.catalina.core.ApplicationFilterChain.doFilter(ApplicationFilterChain.java:166)
		at org.camunda.bpm.webapp.impl.security.filter.SecurityFilter.doFilterSecure(SecurityFilter.java:71)
		at org.camunda.bpm.webapp.impl.security.filter.SecurityFilter.doFilter(SecurityFilter.java:55)
		at org.apache.catalina.core.ApplicationFilterChain.internalDoFilter(ApplicationFilterChain.java:193)
		at org.apache.catalina.core.ApplicationFilterChain.doFilter(ApplicationFilterChain.java:166)
		at org.camunda.bpm.webapp.impl.security.auth.AuthenticationFilter$1.execute(AuthenticationFilter.java:62)
		at org.camunda.bpm.webapp.impl.security.auth.AuthenticationFilter$1.execute(AuthenticationFilter.java:60)
		at org.camunda.bpm.webapp.impl.security.SecurityActions.runWithAuthentications(SecurityActions.java:44)
		at org.camunda.bpm.webapp.impl.security.auth.AuthenticationFilter.doFilter(AuthenticationFilter.java:60)
		at org.apache.catalina.core.ApplicationFilterChain.internalDoFilter(ApplicationFilterChain.java:193)
		at org.apache.catalina.core.ApplicationFilterChain.doFilter(ApplicationFilterChain.java:166)
		at org.apache.catalina.core.StandardWrapperValve.invoke(StandardWrapperValve.java:202)
		at org.apache.catalina.core.StandardContextValve.invoke(StandardContextValve.java:96)
		at org.apache.catalina.authenticator.AuthenticatorBase.invoke(AuthenticatorBase.java:526)
		at org.apache.catalina.core.StandardHostValve.invoke(StandardHostValve.java:139)
		at org.apache.catalina.valves.ErrorReportValve.invoke(ErrorReportValve.java:92)
		at org.apache.catalina.valves.AbstractAccessLogValve.invoke(AbstractAccessLogValve.java:678)
		at org.apache.catalina.core.StandardEngineValve.invoke(StandardEngineValve.java:74)
		at org.apache.catalina.connector.CoyoteAdapter.service(CoyoteAdapter.java:343)
		at org.apache.coyote.http11.Http11Processor.service(Http11Processor.java:408)
		at org.apache.coyote.AbstractProcessorLight.process(AbstractProcessorLight.java:66)
		at org.apache.coyote.AbstractProtocol$ConnectionHandler.process(AbstractProtocol.java:860)
		at org.apache.tomcat.util.net.NioEndpoint$SocketProcessor.doRun(NioEndpoint.java:1587)
		at org.apache.tomcat.util.net.SocketProcessorBase.run(SocketProcessorBase.java:49)
		at java.util.concurrent.ThreadPoolExecutor.runWorker(Unknown Source)
		at java.util.concurrent.ThreadPoolExecutor$Worker.run(Unknown Source)
		at org.apache.tomcat.util.threads.TaskThread$WrappingRunnable.run(TaskThread.java:61)
		at java.lang.Thread.run(Unknown Source)
	Caused by: org.apache.ibatis.exceptions.PersistenceException: 
### Error flushing statements.  Cause: org.apache.ibatis.executor.BatchExecutorException: org.camunda.bpm.engine.impl.persistence.entity.ExecutionEntity.deleteExecution (batch index #7) failed. 6 prior sub executor(s) completed successfully, but will be rolled back. Cause: org.h2.jdbc.JdbcBatchUpdateException: Referential integrity constraint violation: "ACT_FK_VAR_EXE: PUBLIC.ACT_RU_VARIABLE FOREIGN KEY(EXECUTION_ID_) REFERENCES PUBLIC.ACT_RU_EXECUTION(ID_) ('737e4167-2d57-11ea-8d29-d4c9ef713636')"; SQL statement:
delete from ACT_RU_EXECUTION where ID_ = ? and REV_ = ? [23503-190]
### Cause: org.apache.ibatis.executor.BatchExecutorException: org.camunda.bpm.engine.impl.persistence.entity.ExecutionEntity.deleteExecution (batch index #7) failed. 6 prior sub executor(s) completed successfully, but will be rolled back. Cause: org.h2.jdbc.JdbcBatchUpdateException: Referential integrity constraint violation: "ACT_FK_VAR_EXE: PUBLIC.ACT_RU_VARIABLE FOREIGN KEY(EXECUTION_ID_) REFERENCES PUBLIC.ACT_RU_EXECUTION(ID_) ('737e4167-2d57-11ea-8d29-d4c9ef713636')"; SQL statement:
delete from ACT_RU_EXECUTION where ID_ = ? and REV_ = ? [23503-190]
		at org.apache.ibatis.exceptions.ExceptionFactory.wrapException(ExceptionFactory.java:30)
		at org.apache.ibatis.session.defaults.DefaultSqlSession.flushStatements(DefaultSqlSession.java:255)
		at org.camunda.bpm.engine.impl.db.sql.DbSqlSession.flushBatchOperations(DbSqlSession.java:320)
		at org.camunda.bpm.engine.impl.db.sql.BatchDbSqlSession.executeDbOperations(BatchDbSqlSession.java:68)
		at org.camunda.bpm.engine.impl.db.entitymanager.DbEntityManager.flushDbOperations(DbEntityManager.java:339)
		... 75 more
	Caused by: org.apache.ibatis.executor.BatchExecutorException: org.camunda.bpm.engine.impl.persistence.entity.ExecutionEntity.deleteExecution (batch index #7) failed. 6 prior sub executor(s) completed successfully, but will be rolled back. Cause: org.h2.jdbc.JdbcBatchUpdateException: Referential integrity constraint violation: "ACT_FK_VAR_EXE: PUBLIC.ACT_RU_VARIABLE FOREIGN KEY(EXECUTION_ID_) REFERENCES PUBLIC.ACT_RU_EXECUTION(ID_) ('737e4167-2d57-11ea-8d29-d4c9ef713636')"; SQL statement:
delete from ACT_RU_EXECUTION where ID_ = ? and REV_ = ? [23503-190]
		at org.apache.ibatis.executor.BatchExecutor.doFlushStatements(BatchExecutor.java:146)
		at org.apache.ibatis.executor.BaseExecutor.flushStatements(BaseExecutor.java:129)
		at org.apache.ibatis.executor.BaseExecutor.flushStatements(BaseExecutor.java:122)
		at org.apache.ibatis.executor.CachingExecutor.flushStatements(CachingExecutor.java:114)
		at org.apache.ibatis.session.defaults.DefaultSqlSession.flushStatements(DefaultSqlSession.java:253)
		... 78 more
	Caused by: org.h2.jdbc.JdbcBatchUpdateException: Referential integrity constraint violation: "ACT_FK_VAR_EXE: PUBLIC.ACT_RU_VARIABLE FOREIGN KEY(EXECUTION_ID_) REFERENCES PUBLIC.ACT_RU_EXECUTION(ID_) ('737e4167-2d57-11ea-8d29-d4c9ef713636')"; SQL statement:
delete from ACT_RU_EXECUTION where ID_ = ? and REV_ = ? [23503-190]
		at org.h2.jdbc.JdbcPreparedStatement.executeBatch(JdbcPreparedStatement.java:1198)
		at sun.reflect.GeneratedMethodAccessor26.invoke(Unknown Source)
		at sun.reflect.DelegatingMethodAccessorImpl.invoke(Unknown Source)
		at java.lang.reflect.Method.invoke(Unknown Source)
		at org.apache.tomcat.jdbc.pool.StatementFacade$StatementProxy.invoke(StatementFacade.java:114)
		at com.sun.proxy.$Proxy4.executeBatch(Unknown Source)
		at org.apache.ibatis.executor.BatchExecutor.doFlushStatements(BatchExecutor.java:122)
		... 82 more
02-Jan-2020 14:00:33.162 WARNING [http-nio-8080-exec-10] org.camunda.commons.logging.BaseLogger.logWarn ENGINE-REST-HTTP500 org.camunda.bpm.engine.rest.exception.RestException: Cannot submit task form 73840dca-2d57-11ea-8d29-d4c9ef713636: ENGINE-03004 Exception while executing Database Operation 'DELETE ExecutionEntity[737e4167-2d57-11ea-8d29-d4c9ef713636]' with message '
### Error flushing statements.  Cause: org.apache.ibatis.executor.BatchExecutorException: org.camunda.bpm.engine.impl.persistence.entity.ExecutionEntity.deleteExecution (batch index #7) failed. 6 prior sub executor(s) completed successfully, but will be rolled back. Cause: org.h2.jdbc.JdbcBatchUpdateException: Referential integrity constraint violation: "ACT_FK_VAR_EXE: PUBLIC.ACT_RU_VARIABLE FOREIGN KEY(EXECUTION_ID_) REFERENCES PUBLIC.ACT_RU_EXECUTION(ID_) ('737e4167-2d57-11ea-8d29-d4c9ef713636')"; SQL statement:
delete from ACT_RU_EXECUTION where ID_ = ? and REV_ = ? [23503-190]
### Cause: org.apache.ibatis.executor.BatchExecutorException: org.camunda.bpm.engine.impl.persistence.entity.ExecutionEntity.deleteExecution (batch index #7) failed. 6 prior sub executor(s) completed successfully, but will be rolled back. Cause: org.h2.jdbc.JdbcBatchUpdateException: Referential integrity constraint violation: "ACT_FK_VAR_EXE: PUBLIC.ACT_RU_VARIABLE FOREIGN KEY(EXECUTION_ID_) REFERENCES PUBLIC.ACT_RU_EXECUTION(ID_) ('737e4167-2d57-11ea-8d29-d4c9ef713636')"; SQL statement:
delete from ACT_RU_EXECUTION where ID_ = ? and REV_ = ? [23503-190]'. Flush summary: 
 [
  INSERT HistoricVariableInstanceEntity[7a5fbaf3-2d57-11ea-8d29-d4c9ef713636]
  INSERT UserOperationLogEntryEventEntity[7a600916-2d57-11ea-8d29-d4c9ef713636]
  INSERT HistoricVariableUpdateEventEntity[7a5fe205-2d57-11ea-8d29-d4c9ef713636]
  INSERT HistoricActivityInstanceEventEntity[EndEventProcessEnded:7a656048-2d57-11ea-8d29-d4c9ef713636]
  INSERT HistoricActivityInstanceEventEntity[webService:7a611a87-2d57-11ea-8d29-d4c9ef713636]
  INSERT VariableInstanceEntity[7a5fbaf3-2d57-11ea-8d29-d4c9ef713636]
  DELETE TaskEntity[73840dca-2d57-11ea-8d29-d4c9ef713636]
  DELETE ExecutionEntity[737e4167-2d57-11ea-8d29-d4c9ef713636]
  UPDATE HistoricActivityInstanceEventEntity[approve:7383bfa9-2d57-11ea-8d29-d4c9ef713636]
  UPDATE HistoricProcessInstanceEventEntity[737e4167-2d57-11ea-8d29-d4c9ef713636]
  UPDATE HistoricTaskInstanceEventEntity[73840dca-2d57-11ea-8d29-d4c9ef713636]
  DELETE_BULK deleteAuthorizationsForResourceId {resourceId=73840dca-2d57-11ea-8d29-d4c9ef713636, resourceType=7}
  DELETE_BULK deleteAuthorizationsForResourceId {resourceId=737e4167-2d57-11ea-8d29-d4c9ef713636, resourceType=8}
]
	at org.camunda.bpm.engine.rest.sub.task.impl.TaskResourceImpl.submit(TaskResourceImpl.java:165)
	at sun.reflect.NativeMethodAccessorImpl.invoke0(Native Method)
	at sun.reflect.NativeMethodAccessorImpl.invoke(Unknown Source)
	at sun.reflect.DelegatingMethodAccessorImpl.invoke(Unknown Source)
	at java.lang.reflect.Method.invoke(Unknown Source)
	at org.jboss.resteasy.core.MethodInjectorImpl.invoke(MethodInjectorImpl.java:167)
	at org.jboss.resteasy.core.ResourceMethod.invokeOnTarget(ResourceMethod.java:257)
	at org.jboss.resteasy.core.ResourceMethod.invoke(ResourceMethod.java:222)
	at org.jboss.resteasy.core.ResourceLocator.invokeOnTargetObject(ResourceLocator.java:159)
	at org.jboss.resteasy.core.ResourceLocator.invoke(ResourceLocator.java:107)
	at org.jboss.resteasy.core.ResourceLocator.invokeOnTargetObject(ResourceLocator.java:154)
	at org.jboss.resteasy.core.ResourceLocator.invoke(ResourceLocator.java:92)
	at org.jboss.resteasy.core.SynchronousDispatcher.getResponse(SynchronousDispatcher.java:542)
	at org.jboss.resteasy.core.SynchronousDispatcher.invoke(SynchronousDispatcher.java:524)
	at org.jboss.resteasy.core.SynchronousDispatcher.invoke(SynchronousDispatcher.java:126)
	at org.jboss.resteasy.plugins.server.servlet.ServletContainerDispatcher.service(ServletContainerDispatcher.java:208)
	at org.jboss.resteasy.plugins.server.servlet.HttpServletDispatcher.service(HttpServletDispatcher.java:55)
	at org.jboss.resteasy.plugins.server.servlet.HttpServletDispatcher.service(HttpServletDispatcher.java:50)
	at javax.servlet.http.HttpServlet.service(HttpServlet.java:741)
	at org.apache.catalina.core.ApplicationFilterChain.internalDoFilter(ApplicationFilterChain.java:231)
	at org.apache.catalina.core.ApplicationFilterChain.doFilter(ApplicationFilterChain.java:166)
	at org.apache.tomcat.websocket.server.WsFilter.doFilter(WsFilter.java:53)
	at org.apache.catalina.core.ApplicationFilterChain.internalDoFilter(ApplicationFilterChain.java:193)
	at org.apache.catalina.core.ApplicationFilterChain.doFilter(ApplicationFilterChain.java:166)
	at org.apache.catalina.filters.CorsFilter.handleNonCORS(CorsFilter.java:352)
	at org.apache.catalina.filters.CorsFilter.doFilter(CorsFilter.java:171)
	at org.apache.catalina.core.ApplicationFilterChain.internalDoFilter(ApplicationFilterChain.java:193)
	at org.apache.catalina.core.ApplicationFilterChain.doFilter(ApplicationFilterChain.java:166)
	at org.camunda.bpm.engine.rest.filter.CacheControlFilter.doFilter(CacheControlFilter.java:45)
	at org.apache.catalina.core.ApplicationFilterChain.internalDoFilter(ApplicationFilterChain.java:193)
	at org.apache.catalina.core.ApplicationFilterChain.doFilter(ApplicationFilterChain.java:166)
	at org.camunda.bpm.engine.rest.filter.EmptyBodyFilter.doFilter(EmptyBodyFilter.java:99)
	at org.apache.catalina.core.ApplicationFilterChain.internalDoFilter(ApplicationFilterChain.java:193)
	at org.apache.catalina.core.ApplicationFilterChain.doFilter(ApplicationFilterChain.java:166)
	at org.camunda.bpm.webapp.impl.security.filter.headersec.HttpHeaderSecurityFilter.doFilter(HttpHeaderSecurityFilter.java:87)
	at org.apache.catalina.core.ApplicationFilterChain.internalDoFilter(ApplicationFilterChain.java:193)
	at org.apache.catalina.core.ApplicationFilterChain.doFilter(ApplicationFilterChain.java:166)
	at org.camunda.bpm.webapp.impl.security.filter.CsrfPreventionFilter.doFilter(CsrfPreventionFilter.java:175)
	at org.apache.catalina.core.ApplicationFilterChain.internalDoFilter(ApplicationFilterChain.java:193)
	at org.apache.catalina.core.ApplicationFilterChain.doFilter(ApplicationFilterChain.java:166)
	at org.camunda.bpm.webapp.impl.security.filter.SecurityFilter.doFilterSecure(SecurityFilter.java:71)
	at org.camunda.bpm.webapp.impl.security.filter.SecurityFilter.doFilter(SecurityFilter.java:55)
	at org.apache.catalina.core.ApplicationFilterChain.internalDoFilter(ApplicationFilterChain.java:193)
	at org.apache.catalina.core.ApplicationFilterChain.doFilter(ApplicationFilterChain.java:166)
	at org.camunda.bpm.webapp.impl.security.auth.AuthenticationFilter$1.execute(AuthenticationFilter.java:62)
	at org.camunda.bpm.webapp.impl.security.auth.AuthenticationFilter$1.execute(AuthenticationFilter.java:60)
	at org.camunda.bpm.webapp.impl.security.SecurityActions.runWithAuthentications(SecurityActions.java:44)
	at org.camunda.bpm.webapp.impl.security.auth.AuthenticationFilter.doFilter(AuthenticationFilter.java:60)
	at org.apache.catalina.core.ApplicationFilterChain.internalDoFilter(ApplicationFilterChain.java:193)
	at org.apache.catalina.core.ApplicationFilterChain.doFilter(ApplicationFilterChain.java:166)
	at org.apache.catalina.core.StandardWrapperValve.invoke(StandardWrapperValve.java:202)
	at org.apache.catalina.core.StandardContextValve.invoke(StandardContextValve.java:96)
	at org.apache.catalina.authenticator.AuthenticatorBase.invoke(AuthenticatorBase.java:526)
	at org.apache.catalina.core.StandardHostValve.invoke(StandardHostValve.java:139)
	at org.apache.catalina.valves.ErrorReportValve.invoke(ErrorReportValve.java:92)
	at org.apache.catalina.valves.AbstractAccessLogValve.invoke(AbstractAccessLogValve.java:678)
	at org.apache.catalina.core.StandardEngineValve.invoke(StandardEngineValve.java:74)
	at org.apache.catalina.connector.CoyoteAdapter.service(CoyoteAdapter.java:343)
	at org.apache.coyote.http11.Http11Processor.service(Http11Processor.java:408)
	at org.apache.coyote.AbstractProcessorLight.process(AbstractProcessorLight.java:66)
	at org.apache.coyote.AbstractProtocol$ConnectionHandler.process(AbstractProtocol.java:860)
	at org.apache.tomcat.util.net.NioEndpoint$SocketProcessor.doRun(NioEndpoint.java:1587)
	at org.apache.tomcat.util.net.SocketProcessorBase.run(SocketProcessorBase.java:49)
	at java.util.concurrent.ThreadPoolExecutor.runWorker(Unknown Source)
	at java.util.concurrent.ThreadPoolExecutor$Worker.run(Unknown Source)
	at org.apache.tomcat.util.threads.TaskThread$WrappingRunnable.run(TaskThread.java:61)
	at java.lang.Thread.run(Unknown Source)
Caused by: org.camunda.bpm.engine.ProcessEngineException: ENGINE-03004 Exception while executing Database Operation 'DELETE ExecutionEntity[737e4167-2d57-11ea-8d29-d4c9ef713636]' with message '
### Error flushing statements.  Cause: org.apache.ibatis.executor.BatchExecutorException: org.camunda.bpm.engine.impl.persistence.entity.ExecutionEntity.deleteExecution (batch index #7) failed. 6 prior sub executor(s) completed successfully, but will be rolled back. Cause: org.h2.jdbc.JdbcBatchUpdateException: Referential integrity constraint violation: "ACT_FK_VAR_EXE: PUBLIC.ACT_RU_VARIABLE FOREIGN KEY(EXECUTION_ID_) REFERENCES PUBLIC.ACT_RU_EXECUTION(ID_) ('737e4167-2d57-11ea-8d29-d4c9ef713636')"; SQL statement:
delete from ACT_RU_EXECUTION where ID_ = ? and REV_ = ? [23503-190]
### Cause: org.apache.ibatis.executor.BatchExecutorException: org.camunda.bpm.engine.impl.persistence.entity.ExecutionEntity.deleteExecution (batch index #7) failed. 6 prior sub executor(s) completed successfully, but will be rolled back. Cause: org.h2.jdbc.JdbcBatchUpdateException: Referential integrity constraint violation: "ACT_FK_VAR_EXE: PUBLIC.ACT_RU_VARIABLE FOREIGN KEY(EXECUTION_ID_) REFERENCES PUBLIC.ACT_RU_EXECUTION(ID_) ('737e4167-2d57-11ea-8d29-d4c9ef713636')"; SQL statement:
delete from ACT_RU_EXECUTION where ID_ = ? and REV_ = ? [23503-190]'. Flush summary: 
 [
  INSERT HistoricVariableInstanceEntity[7a5fbaf3-2d57-11ea-8d29-d4c9ef713636]
  INSERT UserOperationLogEntryEventEntity[7a600916-2d57-11ea-8d29-d4c9ef713636]
  INSERT HistoricVariableUpdateEventEntity[7a5fe205-2d57-11ea-8d29-d4c9ef713636]
  INSERT HistoricActivityInstanceEventEntity[EndEventProcessEnded:7a656048-2d57-11ea-8d29-d4c9ef713636]
  INSERT HistoricActivityInstanceEventEntity[webService:7a611a87-2d57-11ea-8d29-d4c9ef713636]
  INSERT VariableInstanceEntity[7a5fbaf3-2d57-11ea-8d29-d4c9ef713636]
  DELETE TaskEntity[73840dca-2d57-11ea-8d29-d4c9ef713636]
  DELETE ExecutionEntity[737e4167-2d57-11ea-8d29-d4c9ef713636]
  UPDATE HistoricActivityInstanceEventEntity[approve:7383bfa9-2d57-11ea-8d29-d4c9ef713636]
  UPDATE HistoricProcessInstanceEventEntity[737e4167-2d57-11ea-8d29-d4c9ef713636]
  UPDATE HistoricTaskInstanceEventEntity[73840dca-2d57-11ea-8d29-d4c9ef713636]
  DELETE_BULK deleteAuthorizationsForResourceId {resourceId=73840dca-2d57-11ea-8d29-d4c9ef713636, resourceType=7}
  DELETE_BULK deleteAuthorizationsForResourceId {resourceId=737e4167-2d57-11ea-8d29-d4c9ef713636, resourceType=8}
]
	at org.camunda.bpm.engine.impl.db.EnginePersistenceLogger.flushDbOperationException(EnginePersistenceLogger.java:131)
	at org.camunda.bpm.engine.impl.db.entitymanager.DbEntityManager.flushDbOperations(DbEntityManager.java:355)
	at org.camunda.bpm.engine.impl.db.entitymanager.DbEntityManager.flushDbOperationManager(DbEntityManager.java:322)
	at org.camunda.bpm.engine.impl.db.entitymanager.DbEntityManager.flush(DbEntityManager.java:294)
	at org.camunda.bpm.engine.impl.interceptor.CommandContext.flushSessions(CommandContext.java:263)
	at org.camunda.bpm.engine.impl.interceptor.CommandContext.close(CommandContext.java:186)
	at org.camunda.bpm.engine.impl.interceptor.CommandContextInterceptor.execute(CommandContextInterceptor.java:119)
	at org.camunda.bpm.engine.impl.interceptor.ProcessApplicationContextInterceptor.execute(ProcessApplicationContextInterceptor.java:70)
	at org.camunda.bpm.engine.impl.interceptor.LogInterceptor.execute(LogInterceptor.java:33)
	at org.camunda.bpm.engine.impl.FormServiceImpl.submitTaskForm(FormServiceImpl.java:91)
	at org.camunda.bpm.engine.rest.sub.task.impl.TaskResourceImpl.submit(TaskResourceImpl.java:148)
	... 66 more
Caused by: org.apache.ibatis.exceptions.PersistenceException: 
### Error flushing statements.  Cause: org.apache.ibatis.executor.BatchExecutorException: org.camunda.bpm.engine.impl.persistence.entity.ExecutionEntity.deleteExecution (batch index #7) failed. 6 prior sub executor(s) completed successfully, but will be rolled back. Cause: org.h2.jdbc.JdbcBatchUpdateException: Referential integrity constraint violation: "ACT_FK_VAR_EXE: PUBLIC.ACT_RU_VARIABLE FOREIGN KEY(EXECUTION_ID_) REFERENCES PUBLIC.ACT_RU_EXECUTION(ID_) ('737e4167-2d57-11ea-8d29-d4c9ef713636')"; SQL statement:
delete from ACT_RU_EXECUTION where ID_ = ? and REV_ = ? [23503-190]
### Cause: org.apache.ibatis.executor.BatchExecutorException: org.camunda.bpm.engine.impl.persistence.entity.ExecutionEntity.deleteExecution (batch index #7) failed. 6 prior sub executor(s) completed successfully, but will be rolled back. Cause: org.h2.jdbc.JdbcBatchUpdateException: Referential integrity constraint violation: "ACT_FK_VAR_EXE: PUBLIC.ACT_RU_VARIABLE FOREIGN KEY(EXECUTION_ID_) REFERENCES PUBLIC.ACT_RU_EXECUTION(ID_) ('737e4167-2d57-11ea-8d29-d4c9ef713636')"; SQL statement:
delete from ACT_RU_EXECUTION where ID_ = ? and REV_ = ? [23503-190]
	at org.apache.ibatis.exceptions.ExceptionFactory.wrapException(ExceptionFactory.java:30)
	at org.apache.ibatis.session.defaults.DefaultSqlSession.flushStatements(DefaultSqlSession.java:255)
	at org.camunda.bpm.engine.impl.db.sql.DbSqlSession.flushBatchOperations(DbSqlSession.java:320)
	at org.camunda.bpm.engine.impl.db.sql.BatchDbSqlSession.executeDbOperations(BatchDbSqlSession.java:68)
	at org.camunda.bpm.engine.impl.db.entitymanager.DbEntityManager.flushDbOperations(DbEntityManager.java:339)
	... 75 more
Caused by: org.apache.ibatis.executor.BatchExecutorException: org.camunda.bpm.engine.impl.persistence.entity.ExecutionEntity.deleteExecution (batch index #7) failed. 6 prior sub executor(s) completed successfully, but will be rolled back. Cause: org.h2.jdbc.JdbcBatchUpdateException: Referential integrity constraint violation: "ACT_FK_VAR_EXE: PUBLIC.ACT_RU_VARIABLE FOREIGN KEY(EXECUTION_ID_) REFERENCES PUBLIC.ACT_RU_EXECUTION(ID_) ('737e4167-2d57-11ea-8d29-d4c9ef713636')"; SQL statement:
delete from ACT_RU_EXECUTION where ID_ = ? and REV_ = ? [23503-190]
	at org.apache.ibatis.executor.BatchExecutor.doFlushStatements(BatchExecutor.java:146)
	at org.apache.ibatis.executor.BaseExecutor.flushStatements(BaseExecutor.java:129)
	at org.apache.ibatis.executor.BaseExecutor.flushStatements(BaseExecutor.java:122)
	at org.apache.ibatis.executor.CachingExecutor.flushStatements(CachingExecutor.java:114)
	at org.apache.ibatis.session.defaults.DefaultSqlSession.flushStatements(DefaultSqlSession.java:253)
	... 78 more
Caused by: org.h2.jdbc.JdbcBatchUpdateException: Referential integrity constraint violation: "ACT_FK_VAR_EXE: PUBLIC.ACT_RU_VARIABLE FOREIGN KEY(EXECUTION_ID_) REFERENCES PUBLIC.ACT_RU_EXECUTION(ID_) ('737e4167-2d57-11ea-8d29-d4c9ef713636')"; SQL statement:
delete from ACT_RU_EXECUTION where ID_ = ? and REV_ = ? [23503-190]
	at org.h2.jdbc.JdbcPreparedStatement.executeBatch(JdbcPreparedStatement.java:1198)
	at sun.reflect.GeneratedMethodAccessor26.invoke(Unknown Source)
	at sun.reflect.DelegatingMethodAccessorImpl.invoke(Unknown Source)
	at java.lang.reflect.Method.invoke(Unknown Source)
	at org.apache.tomcat.jdbc.pool.StatementFacade$StatementProxy.invoke(StatementFacade.java:114)
	at com.sun.proxy.$Proxy4.executeBatch(Unknown Source)
	at org.apache.ibatis.executor.BatchExecutor.doFlushStatements(BatchExecutor.java:122)
	... 82 more

02-Jan-2020 14:04:22.925 SEVERE [http-nio-8080-exec-4] org.camunda.commons.logging.BaseLogger.logError ENGINE-16004 Exception while closing command context: null
	java.lang.NullPointerException
		at org.camunda.bpm.engine.impl.pvm.runtime.PvmExecutionImpl.getFlowScopeExecution(PvmExecutionImpl.java:1507)
		at org.camunda.bpm.engine.impl.pvm.runtime.PvmExecutionImpl.createActivityExecutionMapping(PvmExecutionImpl.java:1497)
		at org.camunda.bpm.engine.impl.pvm.runtime.operation.PvmAtomicOperationActivityEnd.execute(PvmAtomicOperationActivityEnd.java:56)
		at org.camunda.bpm.engine.impl.pvm.runtime.operation.PvmAtomicOperationActivityEnd.execute(PvmAtomicOperationActivityEnd.java:35)
		at org.camunda.bpm.engine.impl.interceptor.AtomicOperationInvocation.execute(AtomicOperationInvocation.java:99)
		at org.camunda.bpm.engine.impl.interceptor.CommandInvocationContext.invokeNext(CommandInvocationContext.java:131)
		at org.camunda.bpm.engine.impl.interceptor.CommandInvocationContext.performNext(CommandInvocationContext.java:111)
		at org.camunda.bpm.engine.impl.interceptor.CommandInvocationContext.performOperation(CommandInvocationContext.java:86)
		at org.camunda.bpm.engine.impl.persistence.entity.ExecutionEntity.performOperation(ExecutionEntity.java:646)
		at org.camunda.bpm.engine.impl.persistence.entity.ExecutionEntity.performOperation(ExecutionEntity.java:620)
		at org.camunda.bpm.engine.impl.pvm.runtime.operation.PvmAtomicOperationActivityNotifyListenerEnd$1.callback(PvmAtomicOperationActivityNotifyListenerEnd.java:47)
		at org.camunda.bpm.engine.impl.pvm.runtime.operation.PvmAtomicOperationActivityNotifyListenerEnd$1.callback(PvmAtomicOperationActivityNotifyListenerEnd.java:41)
		at org.camunda.bpm.engine.impl.pvm.runtime.PvmExecutionImpl.continueExecutionIfNotCanceled(PvmExecutionImpl.java:2014)
		at org.camunda.bpm.engine.impl.pvm.runtime.PvmExecutionImpl.dispatchDelayedEventsAndPerformOperation(PvmExecutionImpl.java:1963)
		at org.camunda.bpm.engine.impl.pvm.runtime.operation.PvmAtomicOperationActivityNotifyListenerEnd.eventNotificationsCompleted(PvmAtomicOperationActivityNotifyListenerEnd.java:41)
		at org.camunda.bpm.engine.impl.pvm.runtime.operation.PvmAtomicOperationActivityNotifyListenerEnd.eventNotificationsCompleted(PvmAtomicOperationActivityNotifyListenerEnd.java:27)
		at org.camunda.bpm.engine.impl.core.operation.AbstractEventAtomicOperation.execute(AbstractEventAtomicOperation.java:66)
		at org.camunda.bpm.engine.impl.interceptor.AtomicOperationInvocation.execute(AtomicOperationInvocation.java:99)
		at org.camunda.bpm.engine.impl.interceptor.CommandInvocationContext.invokeNext(CommandInvocationContext.java:131)
		at org.camunda.bpm.engine.impl.interceptor.CommandInvocationContext.performNext(CommandInvocationContext.java:111)
		at org.camunda.bpm.engine.impl.interceptor.CommandInvocationContext.performOperation(CommandInvocationContext.java:86)
		at org.camunda.bpm.engine.impl.interceptor.CommandInvocationContext.performOperation(CommandInvocationContext.java:76)
		at org.camunda.bpm.engine.impl.persistence.entity.ExecutionEntity.performOperationSync(ExecutionEntity.java:655)
		at org.camunda.bpm.engine.impl.persistence.entity.ExecutionEntity.performOperationSync(ExecutionEntity.java:630)
		at org.camunda.bpm.engine.impl.core.operation.AbstractEventAtomicOperation.execute(AbstractEventAtomicOperation.java:62)
		at org.camunda.bpm.engine.impl.interceptor.AtomicOperationInvocation.execute(AtomicOperationInvocation.java:99)
		at org.camunda.bpm.engine.impl.interceptor.CommandInvocationContext.invokeNext(CommandInvocationContext.java:131)
		at org.camunda.bpm.engine.impl.interceptor.CommandInvocationContext.performNext(CommandInvocationContext.java:111)
		at org.camunda.bpm.engine.impl.interceptor.CommandInvocationContext.performOperation(CommandInvocationContext.java:86)
		at org.camunda.bpm.engine.impl.interceptor.CommandInvocationContext.performOperation(CommandInvocationContext.java:76)
		at org.camunda.bpm.engine.impl.persistence.entity.ExecutionEntity.performOperationSync(ExecutionEntity.java:655)
		at org.camunda.bpm.engine.impl.persistence.entity.ExecutionEntity.performOperationSync(ExecutionEntity.java:630)
		at org.camunda.bpm.engine.impl.core.operation.AbstractEventAtomicOperation.execute(AbstractEventAtomicOperation.java:62)
		at org.camunda.bpm.engine.impl.interceptor.AtomicOperationInvocation.execute(AtomicOperationInvocation.java:99)
		at org.camunda.bpm.engine.impl.interceptor.CommandInvocationContext.invokeNext(CommandInvocationContext.java:131)
		at org.camunda.bpm.engine.impl.interceptor.CommandInvocationContext.performNext(CommandInvocationContext.java:111)
		at org.camunda.bpm.engine.impl.interceptor.CommandInvocationContext.performOperation(CommandInvocationContext.java:86)
		at org.camunda.bpm.engine.impl.interceptor.CommandInvocationContext.performOperation(CommandInvocationContext.java:76)
		at org.camunda.bpm.engine.impl.persistence.entity.ExecutionEntity.performOperationSync(ExecutionEntity.java:655)
		at org.camunda.bpm.engine.impl.persistence.entity.ExecutionEntity.performOperationSync(ExecutionEntity.java:630)
		at org.camunda.bpm.engine.impl.core.operation.AbstractEventAtomicOperation.execute(AbstractEventAtomicOperation.java:62)
		at org.camunda.bpm.engine.impl.interceptor.AtomicOperationInvocation.execute(AtomicOperationInvocation.java:99)
		at org.camunda.bpm.engine.impl.interceptor.CommandInvocationContext.invokeNext(CommandInvocationContext.java:131)
		at org.camunda.bpm.engine.impl.interceptor.CommandInvocationContext.performNext(CommandInvocationContext.java:111)
		at org.camunda.bpm.engine.impl.interceptor.CommandInvocationContext.performOperation(CommandInvocationContext.java:86)
		at org.camunda.bpm.engine.impl.persistence.entity.ExecutionEntity.performOperation(ExecutionEntity.java:646)
		at org.camunda.bpm.engine.impl.persistence.entity.ExecutionEntity.performOperation(ExecutionEntity.java:620)
		at org.camunda.bpm.engine.impl.pvm.runtime.PvmExecutionImpl.end(PvmExecutionImpl.java:361)
		at org.camunda.bpm.engine.impl.bpmn.behavior.BpmnActivityBehavior.performOutgoingBehavior(BpmnActivityBehavior.java:132)
		at org.camunda.bpm.engine.impl.bpmn.behavior.BpmnActivityBehavior.performDefaultOutgoingBehavior(BpmnActivityBehavior.java:55)
		at org.camunda.bpm.engine.impl.bpmn.behavior.FlowNodeActivityBehavior.doLeave(FlowNodeActivityBehavior.java:59)
		at org.camunda.bpm.engine.impl.pvm.runtime.operation.PvmAtomicOperationActivityLeave.execute(PvmAtomicOperationActivityLeave.java:56)
		at org.camunda.bpm.engine.impl.pvm.runtime.operation.PvmAtomicOperationActivityLeave.execute(PvmAtomicOperationActivityLeave.java:32)
		at org.camunda.bpm.engine.impl.interceptor.AtomicOperationInvocation.execute(AtomicOperationInvocation.java:99)
		at org.camunda.bpm.engine.impl.interceptor.CommandInvocationContext.invokeNext(CommandInvocationContext.java:131)
		at org.camunda.bpm.engine.impl.interceptor.CommandInvocationContext.performNext(CommandInvocationContext.java:111)
		at org.camunda.bpm.engine.impl.interceptor.CommandInvocationContext$1.call(CommandInvocationContext.java:102)
		at org.camunda.bpm.engine.impl.interceptor.CommandInvocationContext$1.call(CommandInvocationContext.java:100)
		at org.camunda.bpm.engine.impl.context.ProcessApplicationClassloaderInterceptor.call(ProcessApplicationClassloaderInterceptor.java:48)
		at org.camunda.bpm.application.AbstractProcessApplication.execute(AbstractProcessApplication.java:121)
		at org.camunda.bpm.application.AbstractProcessApplication.execute(AbstractProcessApplication.java:132)
		at org.camunda.bpm.engine.impl.context.Context.executeWithinProcessApplication(Context.java:206)
		at org.camunda.bpm.engine.impl.interceptor.CommandInvocationContext.performNext(CommandInvocationContext.java:100)
		at org.camunda.bpm.engine.impl.interceptor.CommandInvocationContext.performOperation(CommandInvocationContext.java:86)
		at org.camunda.bpm.engine.impl.persistence.entity.ExecutionEntity.performOperation(ExecutionEntity.java:646)
		at org.camunda.bpm.engine.impl.persistence.entity.ExecutionEntity.performOperation(ExecutionEntity.java:620)
		at org.camunda.bpm.engine.impl.pvm.runtime.PvmExecutionImpl$6.callback(PvmExecutionImpl.java:1947)
		at org.camunda.bpm.engine.impl.pvm.runtime.PvmExecutionImpl$6.callback(PvmExecutionImpl.java:1944)
		at org.camunda.bpm.engine.impl.pvm.runtime.PvmExecutionImpl.continueExecutionIfNotCanceled(PvmExecutionImpl.java:2014)
		at org.camunda.bpm.engine.impl.pvm.runtime.PvmExecutionImpl.dispatchDelayedEventsAndPerformOperation(PvmExecutionImpl.java:1963)
		at org.camunda.bpm.engine.impl.pvm.runtime.PvmExecutionImpl.dispatchDelayedEventsAndPerformOperation(PvmExecutionImpl.java:1944)
		at org.camunda.bpm.engine.impl.bpmn.behavior.FlowNodeActivityBehavior.leave(FlowNodeActivityBehavior.java:55)
		at org.camunda.bpm.engine.impl.bpmn.behavior.UserTaskActivityBehavior.signal(UserTaskActivityBehavior.java:66)
		at org.camunda.bpm.engine.impl.pvm.runtime.PvmExecutionImpl.signal(PvmExecutionImpl.java:738)
		at org.camunda.bpm.engine.impl.persistence.entity.TaskEntity.complete(TaskEntity.java:339)
		at org.camunda.bpm.engine.impl.cmd.SubmitTaskFormCmd.execute(SubmitTaskFormCmd.java:94)
		at org.camunda.bpm.engine.impl.cmd.SubmitTaskFormCmd.execute(SubmitTaskFormCmd.java:43)
		at org.camunda.bpm.engine.impl.interceptor.CommandExecutorImpl.execute(CommandExecutorImpl.java:28)
		at org.camunda.bpm.engine.impl.interceptor.CommandContextInterceptor.execute(CommandContextInterceptor.java:110)
		at org.camunda.bpm.engine.impl.interceptor.ProcessApplicationContextInterceptor.execute(ProcessApplicationContextInterceptor.java:70)
		at org.camunda.bpm.engine.impl.interceptor.LogInterceptor.execute(LogInterceptor.java:33)
		at org.camunda.bpm.engine.impl.FormServiceImpl.submitTaskForm(FormServiceImpl.java:91)
		at org.camunda.bpm.engine.rest.sub.task.impl.TaskResourceImpl.submit(TaskResourceImpl.java:148)
		at sun.reflect.NativeMethodAccessorImpl.invoke0(Native Method)
		at sun.reflect.NativeMethodAccessorImpl.invoke(Unknown Source)
		at sun.reflect.DelegatingMethodAccessorImpl.invoke(Unknown Source)
		at java.lang.reflect.Method.invoke(Unknown Source)
		at org.jboss.resteasy.core.MethodInjectorImpl.invoke(MethodInjectorImpl.java:167)
		at org.jboss.resteasy.core.ResourceMethod.invokeOnTarget(ResourceMethod.java:257)
		at org.jboss.resteasy.core.ResourceMethod.invoke(ResourceMethod.java:222)
		at org.jboss.resteasy.core.ResourceLocator.invokeOnTargetObject(ResourceLocator.java:159)
		at org.jboss.resteasy.core.ResourceLocator.invoke(ResourceLocator.java:107)
		at org.jboss.resteasy.core.ResourceLocator.invokeOnTargetObject(ResourceLocator.java:154)
		at org.jboss.resteasy.core.ResourceLocator.invoke(ResourceLocator.java:92)
		at org.jboss.resteasy.core.SynchronousDispatcher.getResponse(SynchronousDispatcher.java:542)
		at org.jboss.resteasy.core.SynchronousDispatcher.invoke(SynchronousDispatcher.java:524)
		at org.jboss.resteasy.core.SynchronousDispatcher.invoke(SynchronousDispatcher.java:126)
		at org.jboss.resteasy.plugins.server.servlet.ServletContainerDispatcher.service(ServletContainerDispatcher.java:208)
		at org.jboss.resteasy.plugins.server.servlet.HttpServletDispatcher.service(HttpServletDispatcher.java:55)
		at org.jboss.resteasy.plugins.server.servlet.HttpServletDispatcher.service(HttpServletDispatcher.java:50)
		at javax.servlet.http.HttpServlet.service(HttpServlet.java:741)
		at org.apache.catalina.core.ApplicationFilterChain.internalDoFilter(ApplicationFilterChain.java:231)
		at org.apache.catalina.core.ApplicationFilterChain.doFilter(ApplicationFilterChain.java:166)
		at org.apache.tomcat.websocket.server.WsFilter.doFilter(WsFilter.java:53)
		at org.apache.catalina.core.ApplicationFilterChain.internalDoFilter(ApplicationFilterChain.java:193)
		at org.apache.catalina.core.ApplicationFilterChain.doFilter(ApplicationFilterChain.java:166)
		at org.apache.catalina.filters.CorsFilter.handleNonCORS(CorsFilter.java:352)
		at org.apache.catalina.filters.CorsFilter.doFilter(CorsFilter.java:171)
		at org.apache.catalina.core.ApplicationFilterChain.internalDoFilter(ApplicationFilterChain.java:193)
		at org.apache.catalina.core.ApplicationFilterChain.doFilter(ApplicationFilterChain.java:166)
		at org.camunda.bpm.engine.rest.filter.CacheControlFilter.doFilter(CacheControlFilter.java:45)
		at org.apache.catalina.core.ApplicationFilterChain.internalDoFilter(ApplicationFilterChain.java:193)
		at org.apache.catalina.core.ApplicationFilterChain.doFilter(ApplicationFilterChain.java:166)
		at org.camunda.bpm.engine.rest.filter.EmptyBodyFilter.doFilter(EmptyBodyFilter.java:99)
		at org.apache.catalina.core.ApplicationFilterChain.internalDoFilter(ApplicationFilterChain.java:193)
		at org.apache.catalina.core.ApplicationFilterChain.doFilter(ApplicationFilterChain.java:166)
		at org.camunda.bpm.webapp.impl.security.filter.headersec.HttpHeaderSecurityFilter.doFilter(HttpHeaderSecurityFilter.java:87)
		at org.apache.catalina.core.ApplicationFilterChain.internalDoFilter(ApplicationFilterChain.java:193)
		at org.apache.catalina.core.ApplicationFilterChain.doFilter(ApplicationFilterChain.java:166)
		at org.camunda.bpm.webapp.impl.security.filter.CsrfPreventionFilter.doFilter(CsrfPreventionFilter.java:175)
		at org.apache.catalina.core.ApplicationFilterChain.internalDoFilter(ApplicationFilterChain.java:193)
		at org.apache.catalina.core.ApplicationFilterChain.doFilter(ApplicationFilterChain.java:166)
		at org.camunda.bpm.webapp.impl.security.filter.SecurityFilter.doFilterSecure(SecurityFilter.java:71)
		at org.camunda.bpm.webapp.impl.security.filter.SecurityFilter.doFilter(SecurityFilter.java:55)
		at org.apache.catalina.core.ApplicationFilterChain.internalDoFilter(ApplicationFilterChain.java:193)
		at org.apache.catalina.core.ApplicationFilterChain.doFilter(ApplicationFilterChain.java:166)
		at org.camunda.bpm.webapp.impl.security.auth.AuthenticationFilter$1.execute(AuthenticationFilter.java:62)
		at org.camunda.bpm.webapp.impl.security.auth.AuthenticationFilter$1.execute(AuthenticationFilter.java:60)
		at org.camunda.bpm.webapp.impl.security.SecurityActions.runWithAuthentications(SecurityActions.java:44)
		at org.camunda.bpm.webapp.impl.security.auth.AuthenticationFilter.doFilter(AuthenticationFilter.java:60)
		at org.apache.catalina.core.ApplicationFilterChain.internalDoFilter(ApplicationFilterChain.java:193)
		at org.apache.catalina.core.ApplicationFilterChain.doFilter(ApplicationFilterChain.java:166)
		at org.apache.catalina.core.StandardWrapperValve.invoke(StandardWrapperValve.java:202)
		at org.apache.catalina.core.StandardContextValve.invoke(StandardContextValve.java:96)
		at org.apache.catalina.authenticator.AuthenticatorBase.invoke(AuthenticatorBase.java:526)
		at org.apache.catalina.core.StandardHostValve.invoke(StandardHostValve.java:139)
		at org.apache.catalina.valves.ErrorReportValve.invoke(ErrorReportValve.java:92)
		at org.apache.catalina.valves.AbstractAccessLogValve.invoke(AbstractAccessLogValve.java:678)
		at org.apache.catalina.core.StandardEngineValve.invoke(StandardEngineValve.java:74)
		at org.apache.catalina.connector.CoyoteAdapter.service(CoyoteAdapter.java:343)
		at org.apache.coyote.http11.Http11Processor.service(Http11Processor.java:408)
		at org.apache.coyote.AbstractProcessorLight.process(AbstractProcessorLight.java:66)
		at org.apache.coyote.AbstractProtocol$ConnectionHandler.process(AbstractProtocol.java:860)
		at org.apache.tomcat.util.net.NioEndpoint$SocketProcessor.doRun(NioEndpoint.java:1587)
		at org.apache.tomcat.util.net.SocketProcessorBase.run(SocketProcessorBase.java:49)
		at java.util.concurrent.ThreadPoolExecutor.runWorker(Unknown Source)
		at java.util.concurrent.ThreadPoolExecutor$Worker.run(Unknown Source)
		at org.apache.tomcat.util.threads.TaskThread$WrappingRunnable.run(TaskThread.java:61)
		at java.lang.Thread.run(Unknown Source)
02-Jan-2020 14:04:23.046 WARNING [http-nio-8080-exec-4] org.camunda.commons.logging.BaseLogger.logWarn ENGINE-REST-HTTP500 java.lang.NullPointerException
	at org.camunda.bpm.engine.impl.pvm.runtime.PvmExecutionImpl.getFlowScopeExecution(PvmExecutionImpl.java:1507)
	at org.camunda.bpm.engine.impl.pvm.runtime.PvmExecutionImpl.createActivityExecutionMapping(PvmExecutionImpl.java:1497)
	at org.camunda.bpm.engine.impl.pvm.runtime.operation.PvmAtomicOperationActivityEnd.execute(PvmAtomicOperationActivityEnd.java:56)
	at org.camunda.bpm.engine.impl.pvm.runtime.operation.PvmAtomicOperationActivityEnd.execute(PvmAtomicOperationActivityEnd.java:35)
	at org.camunda.bpm.engine.impl.interceptor.AtomicOperationInvocation.execute(AtomicOperationInvocation.java:99)
	at org.camunda.bpm.engine.impl.interceptor.CommandInvocationContext.invokeNext(CommandInvocationContext.java:131)
	at org.camunda.bpm.engine.impl.interceptor.CommandInvocationContext.performNext(CommandInvocationContext.java:111)
	at org.camunda.bpm.engine.impl.interceptor.CommandInvocationContext.performOperation(CommandInvocationContext.java:86)
	at org.camunda.bpm.engine.impl.persistence.entity.ExecutionEntity.performOperation(ExecutionEntity.java:646)
	at org.camunda.bpm.engine.impl.persistence.entity.ExecutionEntity.performOperation(ExecutionEntity.java:620)
	at org.camunda.bpm.engine.impl.pvm.runtime.operation.PvmAtomicOperationActivityNotifyListenerEnd$1.callback(PvmAtomicOperationActivityNotifyListenerEnd.java:47)
	at org.camunda.bpm.engine.impl.pvm.runtime.operation.PvmAtomicOperationActivityNotifyListenerEnd$1.callback(PvmAtomicOperationActivityNotifyListenerEnd.java:41)
	at org.camunda.bpm.engine.impl.pvm.runtime.PvmExecutionImpl.continueExecutionIfNotCanceled(PvmExecutionImpl.java:2014)
	at org.camunda.bpm.engine.impl.pvm.runtime.PvmExecutionImpl.dispatchDelayedEventsAndPerformOperation(PvmExecutionImpl.java:1963)
	at org.camunda.bpm.engine.impl.pvm.runtime.operation.PvmAtomicOperationActivityNotifyListenerEnd.eventNotificationsCompleted(PvmAtomicOperationActivityNotifyListenerEnd.java:41)
	at org.camunda.bpm.engine.impl.pvm.runtime.operation.PvmAtomicOperationActivityNotifyListenerEnd.eventNotificationsCompleted(PvmAtomicOperationActivityNotifyListenerEnd.java:27)
	at org.camunda.bpm.engine.impl.core.operation.AbstractEventAtomicOperation.execute(AbstractEventAtomicOperation.java:66)
	at org.camunda.bpm.engine.impl.interceptor.AtomicOperationInvocation.execute(AtomicOperationInvocation.java:99)
	at org.camunda.bpm.engine.impl.interceptor.CommandInvocationContext.invokeNext(CommandInvocationContext.java:131)
	at org.camunda.bpm.engine.impl.interceptor.CommandInvocationContext.performNext(CommandInvocationContext.java:111)
	at org.camunda.bpm.engine.impl.interceptor.CommandInvocationContext.performOperation(CommandInvocationContext.java:86)
	at org.camunda.bpm.engine.impl.interceptor.CommandInvocationContext.performOperation(CommandInvocationContext.java:76)
	at org.camunda.bpm.engine.impl.persistence.entity.ExecutionEntity.performOperationSync(ExecutionEntity.java:655)
	at org.camunda.bpm.engine.impl.persistence.entity.ExecutionEntity.performOperationSync(ExecutionEntity.java:630)
	at org.camunda.bpm.engine.impl.core.operation.AbstractEventAtomicOperation.execute(AbstractEventAtomicOperation.java:62)
	at org.camunda.bpm.engine.impl.interceptor.AtomicOperationInvocation.execute(AtomicOperationInvocation.java:99)
	at org.camunda.bpm.engine.impl.interceptor.CommandInvocationContext.invokeNext(CommandInvocationContext.java:131)
	at org.camunda.bpm.engine.impl.interceptor.CommandInvocationContext.performNext(CommandInvocationContext.java:111)
	at org.camunda.bpm.engine.impl.interceptor.CommandInvocationContext.performOperation(CommandInvocationContext.java:86)
	at org.camunda.bpm.engine.impl.interceptor.CommandInvocationContext.performOperation(CommandInvocationContext.java:76)
	at org.camunda.bpm.engine.impl.persistence.entity.ExecutionEntity.performOperationSync(ExecutionEntity.java:655)
	at org.camunda.bpm.engine.impl.persistence.entity.ExecutionEntity.performOperationSync(ExecutionEntity.java:630)
	at org.camunda.bpm.engine.impl.core.operation.AbstractEventAtomicOperation.execute(AbstractEventAtomicOperation.java:62)
	at org.camunda.bpm.engine.impl.interceptor.AtomicOperationInvocation.execute(AtomicOperationInvocation.java:99)
	at org.camunda.bpm.engine.impl.interceptor.CommandInvocationContext.invokeNext(CommandInvocationContext.java:131)
	at org.camunda.bpm.engine.impl.interceptor.CommandInvocationContext.performNext(CommandInvocationContext.java:111)
	at org.camunda.bpm.engine.impl.interceptor.CommandInvocationContext.performOperation(CommandInvocationContext.java:86)
	at org.camunda.bpm.engine.impl.interceptor.CommandInvocationContext.performOperation(CommandInvocationContext.java:76)
	at org.camunda.bpm.engine.impl.persistence.entity.ExecutionEntity.performOperationSync(ExecutionEntity.java:655)
	at org.camunda.bpm.engine.impl.persistence.entity.ExecutionEntity.performOperationSync(ExecutionEntity.java:630)
	at org.camunda.bpm.engine.impl.core.operation.AbstractEventAtomicOperation.execute(AbstractEventAtomicOperation.java:62)
	at org.camunda.bpm.engine.impl.interceptor.AtomicOperationInvocation.execute(AtomicOperationInvocation.java:99)
	at org.camunda.bpm.engine.impl.interceptor.CommandInvocationContext.invokeNext(CommandInvocationContext.java:131)
	at org.camunda.bpm.engine.impl.interceptor.CommandInvocationContext.performNext(CommandInvocationContext.java:111)
	at org.camunda.bpm.engine.impl.interceptor.CommandInvocationContext.performOperation(CommandInvocationContext.java:86)
	at org.camunda.bpm.engine.impl.persistence.entity.ExecutionEntity.performOperation(ExecutionEntity.java:646)
	at org.camunda.bpm.engine.impl.persistence.entity.ExecutionEntity.performOperation(ExecutionEntity.java:620)
	at org.camunda.bpm.engine.impl.pvm.runtime.PvmExecutionImpl.end(PvmExecutionImpl.java:361)
	at org.camunda.bpm.engine.impl.bpmn.behavior.BpmnActivityBehavior.performOutgoingBehavior(BpmnActivityBehavior.java:132)
	at org.camunda.bpm.engine.impl.bpmn.behavior.BpmnActivityBehavior.performDefaultOutgoingBehavior(BpmnActivityBehavior.java:55)
	at org.camunda.bpm.engine.impl.bpmn.behavior.FlowNodeActivityBehavior.doLeave(FlowNodeActivityBehavior.java:59)
	at org.camunda.bpm.engine.impl.pvm.runtime.operation.PvmAtomicOperationActivityLeave.execute(PvmAtomicOperationActivityLeave.java:56)
	at org.camunda.bpm.engine.impl.pvm.runtime.operation.PvmAtomicOperationActivityLeave.execute(PvmAtomicOperationActivityLeave.java:32)
	at org.camunda.bpm.engine.impl.interceptor.AtomicOperationInvocation.execute(AtomicOperationInvocation.java:99)
	at org.camunda.bpm.engine.impl.interceptor.CommandInvocationContext.invokeNext(CommandInvocationContext.java:131)
	at org.camunda.bpm.engine.impl.interceptor.CommandInvocationContext.performNext(CommandInvocationContext.java:111)
	at org.camunda.bpm.engine.impl.interceptor.CommandInvocationContext$1.call(CommandInvocationContext.java:102)
	at org.camunda.bpm.engine.impl.interceptor.CommandInvocationContext$1.call(CommandInvocationContext.java:100)
	at org.camunda.bpm.engine.impl.context.ProcessApplicationClassloaderInterceptor.call(ProcessApplicationClassloaderInterceptor.java:48)
	at org.camunda.bpm.application.AbstractProcessApplication.execute(AbstractProcessApplication.java:121)
	at org.camunda.bpm.application.AbstractProcessApplication.execute(AbstractProcessApplication.java:132)
	at org.camunda.bpm.engine.impl.context.Context.executeWithinProcessApplication(Context.java:206)
	at org.camunda.bpm.engine.impl.interceptor.CommandInvocationContext.performNext(CommandInvocationContext.java:100)
	at org.camunda.bpm.engine.impl.interceptor.CommandInvocationContext.performOperation(CommandInvocationContext.java:86)
	at org.camunda.bpm.engine.impl.persistence.entity.ExecutionEntity.performOperation(ExecutionEntity.java:646)
	at org.camunda.bpm.engine.impl.persistence.entity.ExecutionEntity.performOperation(ExecutionEntity.java:620)
	at org.camunda.bpm.engine.impl.pvm.runtime.PvmExecutionImpl$6.callback(PvmExecutionImpl.java:1947)
	at org.camunda.bpm.engine.impl.pvm.runtime.PvmExecutionImpl$6.callback(PvmExecutionImpl.java:1944)
	at org.camunda.bpm.engine.impl.pvm.runtime.PvmExecutionImpl.continueExecutionIfNotCanceled(PvmExecutionImpl.java:2014)
	at org.camunda.bpm.engine.impl.pvm.runtime.PvmExecutionImpl.dispatchDelayedEventsAndPerformOperation(PvmExecutionImpl.java:1963)
	at org.camunda.bpm.engine.impl.pvm.runtime.PvmExecutionImpl.dispatchDelayedEventsAndPerformOperation(PvmExecutionImpl.java:1944)
	at org.camunda.bpm.engine.impl.bpmn.behavior.FlowNodeActivityBehavior.leave(FlowNodeActivityBehavior.java:55)
	at org.camunda.bpm.engine.impl.bpmn.behavior.UserTaskActivityBehavior.signal(UserTaskActivityBehavior.java:66)
	at org.camunda.bpm.engine.impl.pvm.runtime.PvmExecutionImpl.signal(PvmExecutionImpl.java:738)
	at org.camunda.bpm.engine.impl.persistence.entity.TaskEntity.complete(TaskEntity.java:339)
	at org.camunda.bpm.engine.impl.cmd.SubmitTaskFormCmd.execute(SubmitTaskFormCmd.java:94)
	at org.camunda.bpm.engine.impl.cmd.SubmitTaskFormCmd.execute(SubmitTaskFormCmd.java:43)
	at org.camunda.bpm.engine.impl.interceptor.CommandExecutorImpl.execute(CommandExecutorImpl.java:28)
	at org.camunda.bpm.engine.impl.interceptor.CommandContextInterceptor.execute(CommandContextInterceptor.java:110)
	at org.camunda.bpm.engine.impl.interceptor.ProcessApplicationContextInterceptor.execute(ProcessApplicationContextInterceptor.java:70)
	at org.camunda.bpm.engine.impl.interceptor.LogInterceptor.execute(LogInterceptor.java:33)
	at org.camunda.bpm.engine.impl.FormServiceImpl.submitTaskForm(FormServiceImpl.java:91)
	at org.camunda.bpm.engine.rest.sub.task.impl.TaskResourceImpl.submit(TaskResourceImpl.java:148)
	at sun.reflect.NativeMethodAccessorImpl.invoke0(Native Method)
	at sun.reflect.NativeMethodAccessorImpl.invoke(Unknown Source)
	at sun.reflect.DelegatingMethodAccessorImpl.invoke(Unknown Source)
	at java.lang.reflect.Method.invoke(Unknown Source)
	at org.jboss.resteasy.core.MethodInjectorImpl.invoke(MethodInjectorImpl.java:167)
	at org.jboss.resteasy.core.ResourceMethod.invokeOnTarget(ResourceMethod.java:257)
	at org.jboss.resteasy.core.ResourceMethod.invoke(ResourceMethod.java:222)
	at org.jboss.resteasy.core.ResourceLocator.invokeOnTargetObject(ResourceLocator.java:159)
	at org.jboss.resteasy.core.ResourceLocator.invoke(ResourceLocator.java:107)
	at org.jboss.resteasy.core.ResourceLocator.invokeOnTargetObject(ResourceLocator.java:154)
	at org.jboss.resteasy.core.ResourceLocator.invoke(ResourceLocator.java:92)
	at org.jboss.resteasy.core.SynchronousDispatcher.getResponse(SynchronousDispatcher.java:542)
	at org.jboss.resteasy.core.SynchronousDispatcher.invoke(SynchronousDispatcher.java:524)
	at org.jboss.resteasy.core.SynchronousDispatcher.invoke(SynchronousDispatcher.java:126)
	at org.jboss.resteasy.plugins.server.servlet.ServletContainerDispatcher.service(ServletContainerDispatcher.java:208)
	at org.jboss.resteasy.plugins.server.servlet.HttpServletDispatcher.service(HttpServletDispatcher.java:55)
	at org.jboss.resteasy.plugins.server.servlet.HttpServletDispatcher.service(HttpServletDispatcher.java:50)
	at javax.servlet.http.HttpServlet.service(HttpServlet.java:741)
	at org.apache.catalina.core.ApplicationFilterChain.internalDoFilter(ApplicationFilterChain.java:231)
	at org.apache.catalina.core.ApplicationFilterChain.doFilter(ApplicationFilterChain.java:166)
	at org.apache.tomcat.websocket.server.WsFilter.doFilter(WsFilter.java:53)
	at org.apache.catalina.core.ApplicationFilterChain.internalDoFilter(ApplicationFilterChain.java:193)
	at org.apache.catalina.core.ApplicationFilterChain.doFilter(ApplicationFilterChain.java:166)
	at org.apache.catalina.filters.CorsFilter.handleNonCORS(CorsFilter.java:352)
	at org.apache.catalina.filters.CorsFilter.doFilter(CorsFilter.java:171)
	at org.apache.catalina.core.ApplicationFilterChain.internalDoFilter(ApplicationFilterChain.java:193)
	at org.apache.catalina.core.ApplicationFilterChain.doFilter(ApplicationFilterChain.java:166)
	at org.camunda.bpm.engine.rest.filter.CacheControlFilter.doFilter(CacheControlFilter.java:45)
	at org.apache.catalina.core.ApplicationFilterChain.internalDoFilter(ApplicationFilterChain.java:193)
	at org.apache.catalina.core.ApplicationFilterChain.doFilter(ApplicationFilterChain.java:166)
	at org.camunda.bpm.engine.rest.filter.EmptyBodyFilter.doFilter(EmptyBodyFilter.java:99)
	at org.apache.catalina.core.ApplicationFilterChain.internalDoFilter(ApplicationFilterChain.java:193)
	at org.apache.catalina.core.ApplicationFilterChain.doFilter(ApplicationFilterChain.java:166)
	at org.camunda.bpm.webapp.impl.security.filter.headersec.HttpHeaderSecurityFilter.doFilter(HttpHeaderSecurityFilter.java:87)
	at org.apache.catalina.core.ApplicationFilterChain.internalDoFilter(ApplicationFilterChain.java:193)
	at org.apache.catalina.core.ApplicationFilterChain.doFilter(ApplicationFilterChain.java:166)
	at org.camunda.bpm.webapp.impl.security.filter.CsrfPreventionFilter.doFilter(CsrfPreventionFilter.java:175)
	at org.apache.catalina.core.ApplicationFilterChain.internalDoFilter(ApplicationFilterChain.java:193)
	at org.apache.catalina.core.ApplicationFilterChain.doFilter(ApplicationFilterChain.java:166)
	at org.camunda.bpm.webapp.impl.security.filter.SecurityFilter.doFilterSecure(SecurityFilter.java:71)
	at org.camunda.bpm.webapp.impl.security.filter.SecurityFilter.doFilter(SecurityFilter.java:55)
	at org.apache.catalina.core.ApplicationFilterChain.internalDoFilter(ApplicationFilterChain.java:193)
	at org.apache.catalina.core.ApplicationFilterChain.doFilter(ApplicationFilterChain.java:166)
	at org.camunda.bpm.webapp.impl.security.auth.AuthenticationFilter$1.execute(AuthenticationFilter.java:62)
	at org.camunda.bpm.webapp.impl.security.auth.AuthenticationFilter$1.execute(AuthenticationFilter.java:60)
	at org.camunda.bpm.webapp.impl.security.SecurityActions.runWithAuthentications(SecurityActions.java:44)
	at org.camunda.bpm.webapp.impl.security.auth.AuthenticationFilter.doFilter(AuthenticationFilter.java:60)
	at org.apache.catalina.core.ApplicationFilterChain.internalDoFilter(ApplicationFilterChain.java:193)
	at org.apache.catalina.core.ApplicationFilterChain.doFilter(ApplicationFilterChain.java:166)
	at org.apache.catalina.core.StandardWrapperValve.invoke(StandardWrapperValve.java:202)
	at org.apache.catalina.core.StandardContextValve.invoke(StandardContextValve.java:96)
	at org.apache.catalina.authenticator.AuthenticatorBase.invoke(AuthenticatorBase.java:526)
	at org.apache.catalina.core.StandardHostValve.invoke(StandardHostValve.java:139)
	at org.apache.catalina.valves.ErrorReportValve.invoke(ErrorReportValve.java:92)
	at org.apache.catalina.valves.AbstractAccessLogValve.invoke(AbstractAccessLogValve.java:678)
	at org.apache.catalina.core.StandardEngineValve.invoke(StandardEngineValve.java:74)
	at org.apache.catalina.connector.CoyoteAdapter.service(CoyoteAdapter.java:343)
	at org.apache.coyote.http11.Http11Processor.service(Http11Processor.java:408)
	at org.apache.coyote.AbstractProcessorLight.process(AbstractProcessorLight.java:66)
	at org.apache.coyote.AbstractProtocol$ConnectionHandler.process(AbstractProtocol.java:860)
	at org.apache.tomcat.util.net.NioEndpoint$SocketProcessor.doRun(NioEndpoint.java:1587)
	at org.apache.tomcat.util.net.SocketProcessorBase.run(SocketProcessorBase.java:49)
	at java.util.concurrent.ThreadPoolExecutor.runWorker(Unknown Source)
	at java.util.concurrent.ThreadPoolExecutor$Worker.run(Unknown Source)
	at org.apache.tomcat.util.threads.TaskThread$WrappingRunnable.run(TaskThread.java:61)
	at java.lang.Thread.run(Unknown Source)

02-Jan-2020 14:05:25.172 INFO [http-nio-8080-exec-10] com.camunda.batch.UserTaskBatch.WebServiceDelegate.execute LOGGER for WebService
02-Jan-2020 14:06:20.752 INFO [http-nio-8080-exec-6] org.jboss.resteasy.logging.impl.Slf4jLogger.info Deploying javax.ws.rs.core.Application: class org.camunda.bpm.cockpit.impl.web.CockpitApplication
