19-Jan-2020 21:22:56.583 INFO [main] org.apache.catalina.startup.VersionLoggerListener.log Server version name:   Apache Tomcat/9.0.24
19-Jan-2020 21:22:56.588 INFO [main] org.apache.catalina.startup.VersionLoggerListener.log Server built:          Aug 14 2019 21:16:42 UTC
19-Jan-2020 21:22:56.588 INFO [main] org.apache.catalina.startup.VersionLoggerListener.log Server version number: 9.0.24.0
19-Jan-2020 21:22:56.588 INFO [main] org.apache.catalina.startup.VersionLoggerListener.log OS Name:               Windows 8.1
19-Jan-2020 21:22:56.589 INFO [main] org.apache.catalina.startup.VersionLoggerListener.log OS Version:            6.3
19-Jan-2020 21:22:56.589 INFO [main] org.apache.catalina.startup.VersionLoggerListener.log Architecture:          amd64
19-Jan-2020 21:22:56.589 INFO [main] org.apache.catalina.startup.VersionLoggerListener.log Java Home:             C:\Program Files\Java\jre1.8.0_231
19-Jan-2020 21:22:56.589 INFO [main] org.apache.catalina.startup.VersionLoggerListener.log JVM Version:           1.8.0_231-b11
19-Jan-2020 21:22:56.590 INFO [main] org.apache.catalina.startup.VersionLoggerListener.log JVM Vendor:            Oracle Corporation
19-Jan-2020 21:22:56.590 INFO [main] org.apache.catalina.startup.VersionLoggerListener.log CATALINA_BASE:         C:\Users\Vortex\Desktop\camunda-batch\camunda-bpm-platform-app\server\apache-tomcat-9.0.24
19-Jan-2020 21:22:56.591 INFO [main] org.apache.catalina.startup.VersionLoggerListener.log CATALINA_HOME:         C:\Users\Vortex\Desktop\camunda-batch\camunda-bpm-platform-app\server\apache-tomcat-9.0.24
19-Jan-2020 21:22:56.592 INFO [main] org.apache.catalina.startup.VersionLoggerListener.log Command line argument: -Djava.util.logging.config.file=C:\Users\Vortex\Desktop\camunda-batch\camunda-bpm-platform-app\server\apache-tomcat-9.0.24\conf\logging.properties
19-Jan-2020 21:22:56.593 INFO [main] org.apache.catalina.startup.VersionLoggerListener.log Command line argument: -Djava.util.logging.manager=org.apache.juli.ClassLoaderLogManager
19-Jan-2020 21:22:56.593 INFO [main] org.apache.catalina.startup.VersionLoggerListener.log Command line argument: -Djdk.tls.ephemeralDHKeySize=2048
19-Jan-2020 21:22:56.593 INFO [main] org.apache.catalina.startup.VersionLoggerListener.log Command line argument: -Djava.protocol.handler.pkgs=org.apache.catalina.webresources
19-Jan-2020 21:22:56.594 INFO [main] org.apache.catalina.startup.VersionLoggerListener.log Command line argument: -Xmx512m
19-Jan-2020 21:22:56.594 INFO [main] org.apache.catalina.startup.VersionLoggerListener.log Command line argument: -XX:MaxPermSize=256m
19-Jan-2020 21:22:56.595 INFO [main] org.apache.catalina.startup.VersionLoggerListener.log Command line argument: -XX:PermSize=256m
19-Jan-2020 21:22:56.595 INFO [main] org.apache.catalina.startup.VersionLoggerListener.log Command line argument: -Dignore.endorsed.dirs=
19-Jan-2020 21:22:56.596 INFO [main] org.apache.catalina.startup.VersionLoggerListener.log Command line argument: -Dcatalina.base=C:\Users\Vortex\Desktop\camunda-batch\camunda-bpm-platform-app\server\apache-tomcat-9.0.24
19-Jan-2020 21:22:56.598 INFO [main] org.apache.catalina.startup.VersionLoggerListener.log Command line argument: -Dcatalina.home=C:\Users\Vortex\Desktop\camunda-batch\camunda-bpm-platform-app\server\apache-tomcat-9.0.24
19-Jan-2020 21:22:56.599 INFO [main] org.apache.catalina.startup.VersionLoggerListener.log Command line argument: -Djava.io.tmpdir=C:\Users\Vortex\Desktop\camunda-batch\camunda-bpm-platform-app\server\apache-tomcat-9.0.24\temp
19-Jan-2020 21:22:56.601 INFO [main] org.apache.catalina.core.AprLifecycleListener.lifecycleEvent The APR based Apache Tomcat Native library which allows optimal performance in production environments was not found on the java.library.path: [C:\Program Files\Java\jre1.8.0_231\bin;C:\WINDOWS\Sun\Java\bin;C:\WINDOWS\system32;C:\WINDOWS;C:\Program Files (x86)\Common Files\Oracle\Java\javapath;C:\Program Files\Java\jre1.8.0_77\bin;C:\Program Files (x86)\NVIDIA Corporation\PhysX\Common;C:\Program Files (x86)\AMD APP\bin\x86_64;C:\Program Files (x86)\AMD APP\bin\x86;C:\WINDOWS\system32;C:\WINDOWS;C:\WINDOWS\System32\Wbem;C:\WINDOWS\System32\WindowsPowerShell\v1.0\;C:\Program Files (x86)\Windows Live\Shared;C:\Program Files (x86)\ATI Technologies\ATI.ACE\Core-Static;C:\Program Files\Microsoft SQL Server\120\Tools\Binn\;C:\Program Files\Microsoft SQL Server\Client SDK\ODBC\110\Tools\Binn\;C:\Program Files (x86)\Microsoft SQL Server\120\Tools\Binn\;C:\Program Files\Microsoft SQL Server\120\DTS\Binn\;C:\Program Files (x86)\Microsoft SQL Server\120\Tools\Binn\ManagementStudio\;C:\Program Files (x86)\Microsoft SQL Server\120\DTS\Binn\;C:\Program Files (x86)\AMD\ATI.ACE\Core-Static;C:\Program Files\Microsoft SQL Server\110\Tools\Binn\;C:\Program Files (x86)\Windows Kits\8.1\Windows Performance Toolkit\;C:\WINDOWS\system32\config\systemprofile\.dnx\bin;C:\Program Files\Microsoft DNX\Dnvm\;C:\Program Files\Microsoft SQL Server\130\Tools\Binn\;C:\Program Files (x86)\sbt\bin;C:\Program Files\Java\jdk1.8.0_161\bin;C:\Program Files\nodejs\;C:\Program Files\Git\cmd;C:\Program Files\Git\mingw64\bin;C:\Program Files\Git\usr\bin;C:\Program Files\MATLAB\R2018a\runtime\win64;C:\Program Files\MATLAB\R2018a\bin;C:\MinGW\bin;C:\Program Files\apache-maven-3.6.2\bin;C:\Users\Vortex\.dnx\bin;C:\Users\Vortex\AppData\Local\Programs\Python\Python35-32\Scripts\;C:\Users\Vortex\AppData\Local\Programs\Python\Python35-32\;C:\Program Files\Docker Toolbox;C:\Program Files\Git\bin;C:\Program Files\Git\cmd;C:\Users\Vortex\Anaconda3;C:\Users\Vortex\Anaconda3\Scripts\;C:\Users\Vortex\AppData\Roaming\npm;C:\Program Files\apache-maven-3.6.2\bin;.]
19-Jan-2020 21:22:57.927 INFO [main] org.apache.coyote.AbstractProtocol.init Initializing ProtocolHandler ["http-nio-8080"]
19-Jan-2020 21:22:58.374 INFO [main] org.apache.coyote.AbstractProtocol.init Initializing ProtocolHandler ["ajp-nio-8009"]
19-Jan-2020 21:22:58.380 INFO [main] org.apache.catalina.startup.Catalina.load Server initialization in [3,844] milliseconds
19-Jan-2020 21:23:02.486 INFO [main] org.camunda.commons.logging.BaseLogger.logInfo ENGINE-08046 Found camunda bpm platform configuration in CATALINA_BASE/CATALINA_HOME conf directory [C:\Users\Vortex\Desktop\camunda-batch\camunda-bpm-platform-app\server\apache-tomcat-9.0.24\conf\bpm-platform.xml] at 'file:/C:/Users/Vortex/Desktop/camunda-batch/camunda-bpm-platform-app/server/apache-tomcat-9.0.24/conf/bpm-platform.xml'
19-Jan-2020 21:23:08.184 INFO [main] org.camunda.commons.logging.BaseLogger.logInfo ENGINE-12003 Plugin 'ProcessApplicationEventListenerPlugin' activated on process engine 'default'
19-Jan-2020 21:23:08.376 INFO [main] org.camunda.commons.logging.BaseLogger.logInfo ENGINE-12003 Plugin 'SpinProcessEnginePlugin' activated on process engine 'default'
19-Jan-2020 21:23:08.389 INFO [main] org.camunda.commons.logging.BaseLogger.logInfo SPIN-01010 Discovered Spin data format provider: org.camunda.spin.impl.json.jackson.format.JacksonJsonDataFormatProvider[name = application/json]
19-Jan-2020 21:23:10.344 INFO [main] org.camunda.commons.logging.BaseLogger.logInfo SPIN-01010 Discovered Spin data format provider: org.camunda.spin.impl.xml.dom.format.DomXmlDataFormatProvider[name = application/xml]
19-Jan-2020 21:23:10.419 INFO [main] org.camunda.commons.logging.BaseLogger.logInfo SPIN-01009 Discovered Spin data format: org.camunda.spin.impl.xml.dom.format.DomXmlDataFormat[name = application/xml]
19-Jan-2020 21:23:10.419 INFO [main] org.camunda.commons.logging.BaseLogger.logInfo SPIN-01009 Discovered Spin data format: org.camunda.spin.impl.json.jackson.format.JacksonJsonDataFormat[name = application/json]
19-Jan-2020 21:23:10.420 INFO [main] org.camunda.commons.logging.BaseLogger.logInfo ENGINE-12003 Plugin 'ConnectProcessEnginePlugin' activated on process engine 'default'
19-Jan-2020 21:23:12.157 INFO [main] org.camunda.commons.logging.BaseLogger.logInfo CNCT-01004 Discovered provider for connector id 'http-connector' and class 'org.camunda.connect.httpclient.impl.HttpConnectorImpl': 'org.camunda.connect.httpclient.impl.HttpConnectorProviderImpl'
19-Jan-2020 21:23:12.166 INFO [main] org.camunda.commons.logging.BaseLogger.logInfo CNCT-01004 Discovered provider for connector id 'soap-http-connector' and class 'org.camunda.connect.httpclient.soap.impl.SoapHttpConnectorImpl': 'org.camunda.connect.httpclient.soap.impl.SoapHttpConnectorProviderImpl'
19-Jan-2020 21:23:25.832 INFO [main] org.camunda.commons.logging.BaseLogger.logInfo ENGINE-00001 Process Engine default created.
19-Jan-2020 21:23:25.835 INFO [main] org.camunda.commons.logging.BaseLogger.logInfo ENGINE-14014 Starting up the JobExecutor[org.camunda.bpm.engine.impl.jobexecutor.RuntimeContainerJobExecutor].
19-Jan-2020 21:23:25.844 INFO [Thread-6] org.camunda.commons.logging.BaseLogger.logInfo ENGINE-14018 JobExecutor[org.camunda.bpm.engine.impl.jobexecutor.RuntimeContainerJobExecutor] starting to acquire jobs
19-Jan-2020 21:23:30.424 INFO [main] org.camunda.commons.logging.BaseLogger.logInfo ENGINE-08048 Camunda BPM platform sucessfully started at 'Apache Tomcat/9.0.24'.
19-Jan-2020 21:23:30.522 INFO [main] org.apache.catalina.core.StandardService.startInternal Starting service [Catalina]
19-Jan-2020 21:23:30.523 INFO [main] org.apache.catalina.core.StandardEngine.startInternal Starting Servlet engine: [Apache Tomcat/9.0.24]
19-Jan-2020 21:23:30.615 INFO [main] org.apache.catalina.startup.HostConfig.deployWAR Deploying web application archive [C:\Users\Vortex\Desktop\camunda-batch\camunda-bpm-platform-app\server\apache-tomcat-9.0.24\webapps\BatchActivity.war]
19-Jan-2020 21:23:43.277 INFO [main] org.camunda.commons.logging.BaseLogger.logInfo ENGINE-07015 Detected @ProcessApplication class 'com.camunda.batch.BatchActivity.CamundaBpmProcessApplication'
19-Jan-2020 21:23:43.473 INFO [main] org.apache.jasper.servlet.TldScanner.scanJars At least one JAR was scanned for TLDs yet contained no TLDs. Enable debug logging for this logger for a complete list of JARs that were scanned but no TLDs were found in them. Skipping unneeded JARs during scanning can improve startup time and JSP compilation time.
19-Jan-2020 21:23:43.592 INFO [main] org.camunda.commons.logging.BaseLogger.logInfo ENGINE-08024 Found processes.xml file at file:/C:/Users/Vortex/Desktop/camunda-batch/camunda-bpm-platform-app/server/apache-tomcat-9.0.24/webapps/BatchActivity/WEB-INF/classes/META-INF/processes.xml
19-Jan-2020 21:23:43.662 INFO [main] org.camunda.commons.logging.BaseLogger.logInfo ENGINE-08023 Deployment summary for process archive 'BatchActivity': 

        process.bpmn

19-Jan-2020 21:23:43.782 INFO [main] org.camunda.commons.logging.BaseLogger.logInfo ENGINE-07021 ProcessApplication 'BatchActivity' registered for DB deployments [629a1595-28dd-11ea-9d5a-d4c9ef713636]. Will execute process definitions 

        stock-evaluation[version: 1, id: stock-evaluation:1:62a31647-28dd-11ea-9d5a-d4c9ef713636]
Deployment does not provide any case definitions.
19-Jan-2020 21:23:43.795 INFO [main] org.camunda.commons.logging.BaseLogger.logInfo SPIN-01010 Discovered Spin data format provider: org.camunda.spin.impl.json.jackson.format.JacksonJsonDataFormatProvider[name = application/json]
19-Jan-2020 21:23:43.798 INFO [main] org.camunda.commons.logging.BaseLogger.logInfo SPIN-01010 Discovered Spin data format provider: org.camunda.spin.impl.xml.dom.format.DomXmlDataFormatProvider[name = application/xml]
19-Jan-2020 21:23:43.808 INFO [main] org.camunda.commons.logging.BaseLogger.logInfo SPIN-01009 Discovered Spin data format: org.camunda.spin.impl.xml.dom.format.DomXmlDataFormat[name = application/xml]
19-Jan-2020 21:23:43.808 INFO [main] org.camunda.commons.logging.BaseLogger.logInfo SPIN-01009 Discovered Spin data format: org.camunda.spin.impl.json.jackson.format.JacksonJsonDataFormat[name = application/json]
19-Jan-2020 21:23:43.811 INFO [main] org.camunda.commons.logging.BaseLogger.logInfo ENGINE-08050 Process application BatchActivity successfully deployed
19-Jan-2020 21:23:43.859 INFO [main] org.apache.catalina.startup.HostConfig.deployWAR Deployment of web application archive [C:\Users\Vortex\Desktop\camunda-batch\camunda-bpm-platform-app\server\apache-tomcat-9.0.24\webapps\BatchActivity.war] has finished in [13,244] ms
19-Jan-2020 21:23:43.871 INFO [main] org.apache.catalina.startup.HostConfig.deployWAR Deploying web application archive [C:\Users\Vortex\Desktop\camunda-batch\camunda-bpm-platform-app\server\apache-tomcat-9.0.24\webapps\UserTaskBatch.war]
19-Jan-2020 21:23:51.630 INFO [main] org.camunda.commons.logging.BaseLogger.logInfo ENGINE-07015 Detected @ProcessApplication class 'com.camunda.batch.UserTaskBatch.CamundaBpmProcessApplication'
19-Jan-2020 21:23:51.717 INFO [main] org.apache.jasper.servlet.TldScanner.scanJars At least one JAR was scanned for TLDs yet contained no TLDs. Enable debug logging for this logger for a complete list of JARs that were scanned but no TLDs were found in them. Skipping unneeded JARs during scanning can improve startup time and JSP compilation time.
19-Jan-2020 21:23:51.723 INFO [main] org.camunda.commons.logging.BaseLogger.logInfo ENGINE-08024 Found processes.xml file at file:/C:/Users/Vortex/Desktop/camunda-batch/camunda-bpm-platform-app/server/apache-tomcat-9.0.24/webapps/UserTaskBatch/WEB-INF/classes/META-INF/processes.xml
19-Jan-2020 21:23:51.760 INFO [main] org.camunda.commons.logging.BaseLogger.logInfo ENGINE-08023 Deployment summary for process archive 'UserTaskBatch': 

        process.bpmn

19-Jan-2020 21:23:51.770 INFO [main] org.camunda.commons.logging.BaseLogger.logInfo ENGINE-07021 ProcessApplication 'UserTaskBatch' registered for DB deployments [72581548-28dd-11ea-9d5a-d4c9ef713636]. Will execute process definitions 

        UserTaskBatch[version: 1, id: UserTaskBatch:1:725b97ba-28dd-11ea-9d5a-d4c9ef713636]
Deployment does not provide any case definitions.
19-Jan-2020 21:23:51.778 INFO [main] org.camunda.commons.logging.BaseLogger.logInfo SPIN-01010 Discovered Spin data format provider: org.camunda.spin.impl.json.jackson.format.JacksonJsonDataFormatProvider[name = application/json]
19-Jan-2020 21:23:51.783 INFO [main] org.camunda.commons.logging.BaseLogger.logInfo SPIN-01010 Discovered Spin data format provider: org.camunda.spin.impl.xml.dom.format.DomXmlDataFormatProvider[name = application/xml]
19-Jan-2020 21:23:51.791 INFO [main] org.camunda.commons.logging.BaseLogger.logInfo SPIN-01009 Discovered Spin data format: org.camunda.spin.impl.xml.dom.format.DomXmlDataFormat[name = application/xml]
19-Jan-2020 21:23:51.793 INFO [main] org.camunda.commons.logging.BaseLogger.logInfo SPIN-01009 Discovered Spin data format: org.camunda.spin.impl.json.jackson.format.JacksonJsonDataFormat[name = application/json]
19-Jan-2020 21:23:51.796 INFO [main] org.camunda.commons.logging.BaseLogger.logInfo ENGINE-08050 Process application UserTaskBatch successfully deployed
19-Jan-2020 21:23:51.803 INFO [main] org.apache.catalina.startup.HostConfig.deployWAR Deployment of web application archive [C:\Users\Vortex\Desktop\camunda-batch\camunda-bpm-platform-app\server\apache-tomcat-9.0.24\webapps\UserTaskBatch.war] has finished in [7,931] ms
19-Jan-2020 21:23:51.805 INFO [main] org.apache.catalina.startup.HostConfig.deployDirectory Deploying web application directory [C:\Users\Vortex\Desktop\camunda-batch\camunda-bpm-platform-app\server\apache-tomcat-9.0.24\webapps\camunda]
19-Jan-2020 21:24:02.759 INFO [main] org.apache.jasper.servlet.TldScanner.scanJars At least one JAR was scanned for TLDs yet contained no TLDs. Enable debug logging for this logger for a complete list of JARs that were scanned but no TLDs were found in them. Skipping unneeded JARs during scanning can improve startup time and JSP compilation time.
19-Jan-2020 21:24:04.190 INFO [main] org.apache.catalina.startup.HostConfig.deployDirectory Deployment of web application directory [C:\Users\Vortex\Desktop\camunda-batch\camunda-bpm-platform-app\server\apache-tomcat-9.0.24\webapps\camunda] has finished in [12,384] ms
19-Jan-2020 21:24:04.191 INFO [main] org.apache.catalina.startup.HostConfig.deployDirectory Deploying web application directory [C:\Users\Vortex\Desktop\camunda-batch\camunda-bpm-platform-app\server\apache-tomcat-9.0.24\webapps\camunda-invoice]
19-Jan-2020 21:24:12.732 INFO [main] org.camunda.commons.logging.BaseLogger.logInfo ENGINE-07015 Detected @ProcessApplication class 'org.camunda.bpm.example.invoice.InvoiceProcessApplication'
19-Jan-2020 21:24:12.827 INFO [main] org.apache.jasper.servlet.TldScanner.scanJars At least one JAR was scanned for TLDs yet contained no TLDs. Enable debug logging for this logger for a complete list of JARs that were scanned but no TLDs were found in them. Skipping unneeded JARs during scanning can improve startup time and JSP compilation time.
19-Jan-2020 21:24:12.833 INFO [main] org.camunda.commons.logging.BaseLogger.logInfo ENGINE-08024 Found processes.xml file at file:/C:/Users/Vortex/Desktop/camunda-batch/camunda-bpm-platform-app/server/apache-tomcat-9.0.24/webapps/camunda-invoice/WEB-INF/classes/META-INF/processes.xml
19-Jan-2020 21:24:12.912 INFO [main] org.camunda.commons.logging.BaseLogger.logInfo ENGINE-08023 Deployment summary for process archive 'camunda-invoice': 

        invoiceBusinessDecisions.dmn
        invoice.v2.bpmn
        review-invoice.cmmn

19-Jan-2020 21:24:14.359 INFO [main] org.camunda.commons.logging.BaseLogger.logInfo ENGINE-07021 ProcessApplication 'camunda-invoice' registered for DB deployments [a709e138-28dc-11ea-9d5a-d4c9ef713636, a644955e-28dc-11ea-9d5a-d4c9ef713636]. Will execute process definitions 

        invoice[version: 2, id: invoice:2:a7137e2c-28dc-11ea-9d5a-d4c9ef713636]
        invoice[version: 1, id: invoice:1:a66563d2-28dc-11ea-9d5a-d4c9ef713636]

Will execute case definitions 

        ReviewInvoiceCase[version: 2, id: ReviewInvoiceCase:2:a71fb32e-28dc-11ea-9d5a-d4c9ef713636]
        ReviewInvoiceCase[version: 1, id: ReviewInvoiceCase:1:a6c907a4-28dc-11ea-9d5a-d4c9ef713636]

19-Jan-2020 21:24:14.381 INFO [main] org.camunda.commons.logging.BaseLogger.logInfo SPIN-01010 Discovered Spin data format provider: org.camunda.spin.impl.json.jackson.format.JacksonJsonDataFormatProvider[name = application/json]
19-Jan-2020 21:24:14.389 INFO [main] org.camunda.commons.logging.BaseLogger.logInfo SPIN-01010 Discovered Spin data format provider: org.camunda.spin.impl.xml.dom.format.DomXmlDataFormatProvider[name = application/xml]
19-Jan-2020 21:24:14.447 INFO [main] org.camunda.commons.logging.BaseLogger.logInfo SPIN-01009 Discovered Spin data format: org.camunda.spin.impl.xml.dom.format.DomXmlDataFormat[name = application/xml]
19-Jan-2020 21:24:14.448 INFO [main] org.camunda.commons.logging.BaseLogger.logInfo SPIN-01009 Discovered Spin data format: org.camunda.spin.impl.json.jackson.format.JacksonJsonDataFormat[name = application/json]
19-Jan-2020 21:24:14.874 INFO [main] org.camunda.bpm.example.invoice.InvoiceProcessApplication.startProcessInstances No new instances of Invoice Receipt version 1 started, there are 3 instances running
19-Jan-2020 21:24:14.916 INFO [main] org.camunda.bpm.example.invoice.InvoiceProcessApplication.startProcessInstances No new instances of Invoice Receipt version 2 started, there are 3 instances running
19-Jan-2020 21:24:14.921 INFO [main] org.camunda.commons.logging.BaseLogger.logInfo ENGINE-08050 Process application camunda-invoice successfully deployed
19-Jan-2020 21:24:14.958 INFO [main] org.apache.catalina.startup.HostConfig.deployDirectory Deployment of web application directory [C:\Users\Vortex\Desktop\camunda-batch\camunda-bpm-platform-app\server\apache-tomcat-9.0.24\webapps\camunda-invoice] has finished in [10,768] ms
19-Jan-2020 21:24:14.960 INFO [main] org.apache.catalina.startup.HostConfig.deployDirectory Deploying web application directory [C:\Users\Vortex\Desktop\camunda-batch\camunda-bpm-platform-app\server\apache-tomcat-9.0.24\webapps\camunda-welcome]
19-Jan-2020 21:24:23.683 INFO [main] org.apache.jasper.servlet.TldScanner.scanJars At least one JAR was scanned for TLDs yet contained no TLDs. Enable debug logging for this logger for a complete list of JARs that were scanned but no TLDs were found in them. Skipping unneeded JARs during scanning can improve startup time and JSP compilation time.
19-Jan-2020 21:24:23.690 INFO [main] org.apache.catalina.startup.HostConfig.deployDirectory Deployment of web application directory [C:\Users\Vortex\Desktop\camunda-batch\camunda-bpm-platform-app\server\apache-tomcat-9.0.24\webapps\camunda-welcome] has finished in [8,729] ms
19-Jan-2020 21:24:23.691 INFO [main] org.apache.catalina.startup.HostConfig.deployDirectory Deploying web application directory [C:\Users\Vortex\Desktop\camunda-batch\camunda-bpm-platform-app\server\apache-tomcat-9.0.24\webapps\docs]
19-Jan-2020 21:24:30.764 INFO [main] org.apache.jasper.servlet.TldScanner.scanJars At least one JAR was scanned for TLDs yet contained no TLDs. Enable debug logging for this logger for a complete list of JARs that were scanned but no TLDs were found in them. Skipping unneeded JARs during scanning can improve startup time and JSP compilation time.
19-Jan-2020 21:24:30.778 INFO [main] org.apache.catalina.startup.HostConfig.deployDirectory Deployment of web application directory [C:\Users\Vortex\Desktop\camunda-batch\camunda-bpm-platform-app\server\apache-tomcat-9.0.24\webapps\docs] has finished in [7,086] ms
19-Jan-2020 21:24:30.778 INFO [main] org.apache.catalina.startup.HostConfig.deployDirectory Deploying web application directory [C:\Users\Vortex\Desktop\camunda-batch\camunda-bpm-platform-app\server\apache-tomcat-9.0.24\webapps\engine-rest]
19-Jan-2020 21:24:40.202 INFO [main] org.apache.jasper.servlet.TldScanner.scanJars At least one JAR was scanned for TLDs yet contained no TLDs. Enable debug logging for this logger for a complete list of JARs that were scanned but no TLDs were found in them. Skipping unneeded JARs during scanning can improve startup time and JSP compilation time.
19-Jan-2020 21:24:41.019 INFO [main] org.apache.catalina.startup.HostConfig.deployDirectory Deployment of web application directory [C:\Users\Vortex\Desktop\camunda-batch\camunda-bpm-platform-app\server\apache-tomcat-9.0.24\webapps\engine-rest] has finished in [10,240] ms
19-Jan-2020 21:24:41.020 INFO [main] org.apache.catalina.startup.HostConfig.deployDirectory Deploying web application directory [C:\Users\Vortex\Desktop\camunda-batch\camunda-bpm-platform-app\server\apache-tomcat-9.0.24\webapps\examples]
19-Jan-2020 21:24:54.532 INFO [main] org.apache.jasper.servlet.TldScanner.scanJars At least one JAR was scanned for TLDs yet contained no TLDs. Enable debug logging for this logger for a complete list of JARs that were scanned but no TLDs were found in them. Skipping unneeded JARs during scanning can improve startup time and JSP compilation time.
19-Jan-2020 21:24:54.982 INFO [main] org.apache.catalina.startup.HostConfig.deployDirectory Deployment of web application directory [C:\Users\Vortex\Desktop\camunda-batch\camunda-bpm-platform-app\server\apache-tomcat-9.0.24\webapps\examples] has finished in [13,962] ms
19-Jan-2020 21:24:54.984 INFO [main] org.apache.catalina.startup.HostConfig.deployDirectory Deploying web application directory [C:\Users\Vortex\Desktop\camunda-batch\camunda-bpm-platform-app\server\apache-tomcat-9.0.24\webapps\h2]
19-Jan-2020 21:25:04.520 INFO [main] org.apache.jasper.servlet.TldScanner.scanJars At least one JAR was scanned for TLDs yet contained no TLDs. Enable debug logging for this logger for a complete list of JARs that were scanned but no TLDs were found in them. Skipping unneeded JARs during scanning can improve startup time and JSP compilation time.
19-Jan-2020 21:25:04.537 INFO [main] org.apache.catalina.startup.HostConfig.deployDirectory Deployment of web application directory [C:\Users\Vortex\Desktop\camunda-batch\camunda-bpm-platform-app\server\apache-tomcat-9.0.24\webapps\h2] has finished in [9,554] ms
19-Jan-2020 21:25:04.538 INFO [main] org.apache.catalina.startup.HostConfig.deployDirectory Deploying web application directory [C:\Users\Vortex\Desktop\camunda-batch\camunda-bpm-platform-app\server\apache-tomcat-9.0.24\webapps\host-manager]
19-Jan-2020 21:25:11.246 INFO [main] org.apache.jasper.servlet.TldScanner.scanJars At least one JAR was scanned for TLDs yet contained no TLDs. Enable debug logging for this logger for a complete list of JARs that were scanned but no TLDs were found in them. Skipping unneeded JARs during scanning can improve startup time and JSP compilation time.
19-Jan-2020 21:25:11.253 INFO [main] org.apache.catalina.startup.HostConfig.deployDirectory Deployment of web application directory [C:\Users\Vortex\Desktop\camunda-batch\camunda-bpm-platform-app\server\apache-tomcat-9.0.24\webapps\host-manager] has finished in [6,715] ms
19-Jan-2020 21:25:11.255 INFO [main] org.apache.catalina.startup.HostConfig.deployDirectory Deploying web application directory [C:\Users\Vortex\Desktop\camunda-batch\camunda-bpm-platform-app\server\apache-tomcat-9.0.24\webapps\manager]
19-Jan-2020 21:25:18.137 INFO [main] org.apache.jasper.servlet.TldScanner.scanJars At least one JAR was scanned for TLDs yet contained no TLDs. Enable debug logging for this logger for a complete list of JARs that were scanned but no TLDs were found in them. Skipping unneeded JARs during scanning can improve startup time and JSP compilation time.
19-Jan-2020 21:25:18.144 INFO [main] org.apache.catalina.startup.HostConfig.deployDirectory Deployment of web application directory [C:\Users\Vortex\Desktop\camunda-batch\camunda-bpm-platform-app\server\apache-tomcat-9.0.24\webapps\manager] has finished in [6,890] ms
19-Jan-2020 21:25:18.145 INFO [main] org.apache.catalina.startup.HostConfig.deployDirectory Deploying web application directory [C:\Users\Vortex\Desktop\camunda-batch\camunda-bpm-platform-app\server\apache-tomcat-9.0.24\webapps\ROOT]
19-Jan-2020 21:25:26.434 INFO [main] org.apache.jasper.servlet.TldScanner.scanJars At least one JAR was scanned for TLDs yet contained no TLDs. Enable debug logging for this logger for a complete list of JARs that were scanned but no TLDs were found in them. Skipping unneeded JARs during scanning can improve startup time and JSP compilation time.
19-Jan-2020 21:25:26.441 INFO [main] org.apache.catalina.startup.HostConfig.deployDirectory Deployment of web application directory [C:\Users\Vortex\Desktop\camunda-batch\camunda-bpm-platform-app\server\apache-tomcat-9.0.24\webapps\ROOT] has finished in [8,295] ms
19-Jan-2020 21:25:26.487 INFO [main] org.apache.coyote.AbstractProtocol.start Starting ProtocolHandler ["http-nio-8080"]
19-Jan-2020 21:25:26.518 INFO [main] org.apache.coyote.AbstractProtocol.start Starting ProtocolHandler ["ajp-nio-8009"]
19-Jan-2020 21:25:26.524 INFO [main] org.apache.catalina.startup.Catalina.start Server startup in [148,141] milliseconds
19-Jan-2020 21:25:26.790 INFO [http-nio-8080-exec-3] org.jboss.resteasy.spi.ResteasyDeployment.processApplication RESTEASY002225: Deploying javax.ws.rs.core.Application: class org.camunda.bpm.engine.rest.impl.application.DefaultApplication
19-Jan-2020 21:25:26.915 INFO [http-nio-8080-exec-3] org.jboss.resteasy.spi.ResteasyDeployment.processApplication RESTEASY002205: Adding provider class org.camunda.bpm.engine.rest.exception.JsonMappingExceptionHandler from Application class org.camunda.bpm.engine.rest.impl.application.DefaultApplication
19-Jan-2020 21:25:26.917 INFO [http-nio-8080-exec-3] org.jboss.resteasy.spi.ResteasyDeployment.processApplication RESTEASY002205: Adding provider class org.camunda.bpm.engine.rest.exception.RestExceptionHandler from Application class org.camunda.bpm.engine.rest.impl.application.DefaultApplication
19-Jan-2020 21:25:26.920 INFO [http-nio-8080-exec-3] org.jboss.resteasy.spi.ResteasyDeployment.processApplication RESTEASY002205: Adding provider class org.camunda.bpm.engine.rest.hal.JacksonHalJsonProvider from Application class org.camunda.bpm.engine.rest.impl.application.DefaultApplication
19-Jan-2020 21:25:26.922 INFO [http-nio-8080-exec-3] org.jboss.resteasy.spi.ResteasyDeployment.processApplication RESTEASY002205: Adding provider class com.fasterxml.jackson.jaxrs.json.JacksonJsonProvider from Application class org.camunda.bpm.engine.rest.impl.application.DefaultApplication
19-Jan-2020 21:25:26.926 INFO [http-nio-8080-exec-3] org.jboss.resteasy.spi.ResteasyDeployment.processApplication RESTEASY002200: Adding class resource org.camunda.bpm.engine.rest.impl.JaxRsTwoNamedProcessEngineRestServiceImpl from Application class org.camunda.bpm.engine.rest.impl.application.DefaultApplication
19-Jan-2020 21:25:26.928 INFO [http-nio-8080-exec-3] org.jboss.resteasy.spi.ResteasyDeployment.processApplication RESTEASY002205: Adding provider class org.camunda.bpm.engine.rest.exception.JsonParseExceptionHandler from Application class org.camunda.bpm.engine.rest.impl.application.DefaultApplication
19-Jan-2020 21:25:26.929 INFO [http-nio-8080-exec-3] org.jboss.resteasy.spi.ResteasyDeployment.processApplication RESTEASY002205: Adding provider class org.camunda.bpm.engine.rest.exception.ExceptionHandler from Application class org.camunda.bpm.engine.rest.impl.application.DefaultApplication
19-Jan-2020 21:25:26.932 INFO [http-nio-8080-exec-3] org.jboss.resteasy.spi.ResteasyDeployment.processApplication RESTEASY002205: Adding provider class org.camunda.bpm.engine.rest.mapper.MultipartPayloadProvider from Application class org.camunda.bpm.engine.rest.impl.application.DefaultApplication
19-Jan-2020 21:25:26.934 INFO [http-nio-8080-exec-3] org.jboss.resteasy.spi.ResteasyDeployment.processApplication RESTEASY002200: Adding class resource org.camunda.bpm.engine.rest.impl.JaxRsTwoDefaultProcessEngineRestServiceImpl from Application class org.camunda.bpm.engine.rest.impl.application.DefaultApplication
19-Jan-2020 21:25:26.936 INFO [http-nio-8080-exec-3] org.jboss.resteasy.spi.ResteasyDeployment.processApplication RESTEASY002205: Adding provider class org.camunda.bpm.engine.rest.exception.ProcessEngineExceptionHandler from Application class org.camunda.bpm.engine.rest.impl.application.DefaultApplication
19-Jan-2020 21:25:26.938 INFO [http-nio-8080-exec-3] org.jboss.resteasy.spi.ResteasyDeployment.processApplication RESTEASY002205: Adding provider class org.camunda.bpm.engine.rest.mapper.JacksonConfigurator from Application class org.camunda.bpm.engine.rest.impl.application.DefaultApplication
19-Jan-2020 21:26:10.790 INFO [http-nio-8080-exec-6] org.jboss.resteasy.logging.impl.Slf4jLogger.info Deploying javax.ws.rs.core.Application: class org.camunda.bpm.tasklist.impl.web.TasklistApplication
19-Jan-2020 21:26:11.436 INFO [http-nio-8080-exec-10] org.jboss.resteasy.logging.impl.Slf4jLogger.info Deploying javax.ws.rs.core.Application: class org.camunda.bpm.webapp.impl.engine.EngineRestApplication
19-Jan-2020 21:26:11.447 INFO [http-nio-8080-exec-9] org.jboss.resteasy.logging.impl.Slf4jLogger.info Deploying javax.ws.rs.core.Application: class org.camunda.bpm.admin.impl.web.AdminApplication
19-Jan-2020 21:26:55.597 INFO [http-nio-8080-exec-6] org.jboss.resteasy.logging.impl.Slf4jLogger.info Deploying javax.ws.rs.core.Application: class org.camunda.bpm.cockpit.impl.web.CockpitApplication
